Reading event veto info from db oracle://ATLAS_COOLPROD;schema=ATLAS_COOLOFL_LAR;dbname=CONDBR2, tag LARBadChannelsOflEventVeto-RUN2-UPD4-04 
Reading folder /LAR/BadChannelsOfl/EventVeto from DB oracle://ATLAS_COOLPROD;schema=ATLAS_COOLOFL_LAR;dbname=CONDBR2
Data source lookup using /cvmfs/atlas.cern.ch/repo/sw/software/x86_64-slc6-gcc48-opt/20.1.8/AtlasCore/20.1.8/InstallArea/XML/AtlasAuthentication/dblookup.xml file
Event Veto ['NoiseBurst'], Sun Nov 25 18:11:49 2012 UTC-Sun Nov 25 18:11:49 2012 UTC (0.200 )  Run 215091, LB 78 (1353867109939046144.000000,1353867109739045632.000000)
Event Veto ['NoiseBurst'], Sun Nov 25 18:12:49 2012 UTC-Sun Nov 25 18:12:49 2012 UTC (0.200 )  Run 215091, LB 79 (1353867169628117760.000000,1353867169428117248.000000)
Event Veto ['NoiseBurst'], Sun Nov 25 18:13:29 2012 UTC-Sun Nov 25 18:13:29 2012 UTC (0.200 )  Run 215091, LB 80 (1353867209245792512.000000,1353867209045791744.000000)
Event Veto ['NoiseBurst'], Sun Nov 25 18:13:33 2012 UTC-Sun Nov 25 18:13:34 2012 UTC (0.200 )  Run 215091, LB 80 (1353867214186931968.000000,1353867213986931200.000000)
Event Veto ['NoiseBurst'], Sun Nov 25 18:14:49 2012 UTC-Sun Nov 25 18:14:49 2012 UTC (0.200 )  Run 215091, LB 81 (1353867289799725056.000000,1353867289599724288.000000)
Event Veto ['NoiseBurst'], Sun Nov 25 18:15:29 2012 UTC-Sun Nov 25 18:15:29 2012 UTC (0.200 )  Run 215091, LB 82 (1353867329609974272.000000,1353867329409973760.000000)
Event Veto ['NoiseBurst'], Sun Nov 25 18:25:03 2012 UTC-Sun Nov 25 18:25:03 2012 UTC (0.200 )  Run 215091, LB 92 (1353867903995604736.000000,1353867903795603968.000000)
Event Veto ['NoiseBurst'], Sun Nov 25 18:26:07 2012 UTC-Sun Nov 25 18:26:07 2012 UTC (0.200 )  Run 215091, LB 93 (1353867967741297408.000000,1353867967541296896.000000)
Event Veto ['NoiseBurst'], Sun Nov 25 18:26:44 2012 UTC-Sun Nov 25 18:26:44 2012 UTC (0.200 )  Run 215091, LB 93 (1353868004852663296.000000,1353868004652662528.000000)
Event Veto ['NoiseBurst'], Sun Nov 25 18:27:46 2012 UTC-Sun Nov 25 18:27:47 2012 UTC (0.200 )  Run 215091, LB 94 (1353868067058572800.000000,1353868066858571264.000000)
Event Veto ['NoiseBurst'], Sun Nov 25 18:27:47 2012 UTC-Sun Nov 25 18:27:47 2012 UTC (0.200 )  Run 215091, LB 94 (1353868067342061056.000000,1353868067142061056.000000)
Event Veto ['NoiseBurst'], Sun Nov 25 18:31:39 2012 UTC-Sun Nov 25 18:31:39 2012 UTC (0.200 )  Run 215091, LB 99 (1353868299248549120.000000,1353868299048546560.000000)
Event Veto ['NoiseBurst'], Sun Nov 25 18:34:18 2012 UTC-Sun Nov 25 18:34:18 2012 UTC (0.200 )  Run 215091, LB 103 (1353868458931297280.000000,1353868458731296768.000000)
Event Veto ['NoiseBurst'], Sun Nov 25 18:35:48 2012 UTC-Sun Nov 25 18:35:48 2012 UTC (0.200 )  Run 215091, LB 106 (1353868548825487104.000000,1353868548625368576.000000)
Event Veto ['NoiseBurst'], Sun Nov 25 18:37:05 2012 UTC-Sun Nov 25 18:37:05 2012 UTC (0.200 )  Run 215091, LB 109 (1353868625541675008.000000,1353868625341674752.000000)
Event Veto ['NoiseBurst'], Sun Nov 25 18:37:21 2012 UTC-Sun Nov 25 18:37:21 2012 UTC (0.200 )  Run 215091, LB 110 (1353868641323998208.000000,1353868641123997440.000000)
Event Veto ['NoiseBurst'], Sun Nov 25 18:43:44 2012 UTC-Sun Nov 25 18:43:44 2012 UTC (0.200 )  Run 215091, LB 121 (1353869024435649536.000000,1353869024235648768.000000)
Event Veto ['NoiseBurst'], Sun Nov 25 18:44:54 2012 UTC-Sun Nov 25 18:44:54 2012 UTC (0.200 )  Run 215091, LB 122 (1353869094329111040.000000,1353869094129110528.000000)
Event Veto ['NoiseBurst'], Sun Nov 25 18:46:04 2012 UTC-Sun Nov 25 18:46:04 2012 UTC (0.200 )  Run 215091, LB 123 (1353869164305203712.000000,1353869164105202944.000000)
Event Veto ['NoiseBurst'], Sun Nov 25 18:48:01 2012 UTC-Sun Nov 25 18:48:01 2012 UTC (0.200 )  Run 215091, LB 125 (1353869281820599040.000000,1353869281620598272.000000)
Event Veto ['NoiseBurst'], Sun Nov 25 18:49:47 2012 UTC-Sun Nov 25 18:49:47 2012 UTC (0.200 )  Run 215091, LB 127 (1353869387651995136.000000,1353869387451994368.000000)
Event Veto ['NoiseBurst'], Sun Nov 25 18:50:03 2012 UTC-Sun Nov 25 18:50:03 2012 UTC (0.200 )  Run 215091, LB 127 (1353869403837731584.000000,1353869403637731072.000000)
Event Veto ['NoiseBurst'], Sun Nov 25 18:50:18 2012 UTC-Sun Nov 25 18:50:18 2012 UTC (0.200 )  Run 215091, LB 127 (1353869418945912832.000000,1353869418745912064.000000)
Event Veto ['NoiseBurst'], Sun Nov 25 18:50:40 2012 UTC-Sun Nov 25 18:50:41 2012 UTC (0.200 )  Run 215091, LB 128 (1353869441182735104.000000,1353869440982734336.000000)
Event Veto ['NoiseBurst'], Sun Nov 25 18:50:51 2012 UTC-Sun Nov 25 18:50:52 2012 UTC (0.200 )  Run 215091, LB 128 (1353869452191952640.000000,1353869451991951872.000000)
Event Veto ['NoiseBurst'], Sun Nov 25 18:52:47 2012 UTC-Sun Nov 25 18:52:47 2012 UTC (0.200 )  Run 215091, LB 133 (1353869567885252352.000000,1353869567685252096.000000)
Event Veto ['NoiseBurst'], Sun Nov 25 18:52:57 2012 UTC-Sun Nov 25 18:52:57 2012 UTC (0.200 )  Run 215091, LB 133 (1353869577326387200.000000,1353869577126386432.000000)
Event Veto ['NoiseBurst'], Sun Nov 25 18:54:57 2012 UTC-Sun Nov 25 18:54:57 2012 UTC (0.200 )  Run 215091, LB 135 (1353869697537074944.000000,1353869697337074176.000000)
Event Veto ['NoiseBurst'], Sun Nov 25 18:55:25 2012 UTC-Sun Nov 25 18:55:26 2012 UTC (0.200 )  Run 215091, LB 135 (1353869726129819392.000000,1353869725929818880.000000)
Event Veto ['NoiseBurst'], Sun Nov 25 18:56:53 2012 UTC-Sun Nov 25 18:56:53 2012 UTC (0.200 )  Run 215091, LB 137 (1353869813762525952.000000,1353869813562525184.000000)
Event Veto ['NoiseBurst'], Sun Nov 25 18:57:35 2012 UTC-Sun Nov 25 18:57:36 2012 UTC (0.200 )  Run 215091, LB 137 (1353869856141867264.000000,1353869855941866752.000000)
Event Veto ['NoiseBurst'], Sun Nov 25 18:59:42 2012 UTC-Sun Nov 25 18:59:42 2012 UTC (0.200 )  Run 215091, LB 140 (1353869982903231488.000000,1353869982703231232.000000)
Event Veto ['NoiseBurst'], Sun Nov 25 19:02:12 2012 UTC-Sun Nov 25 19:02:13 2012 UTC (0.200 )  Run 215091, LB 143 (1353870133123742720.000000,1353870132923739904.000000)
Event Veto ['NoiseBurst'], Sun Nov 25 19:06:40 2012 UTC-Sun Nov 25 19:06:40 2012 UTC (0.200 )  Run 215091, LB 148 (1353870400553957120.000000,1353870400353956608.000000)
Event Veto ['NoiseBurst'], Sun Nov 25 19:07:34 2012 UTC-Sun Nov 25 19:07:34 2012 UTC (0.200 )  Run 215091, LB 149 (1353870454635768832.000000,1353870454435768064.000000)
Event Veto ['NoiseBurst'], Sun Nov 25 19:07:47 2012 UTC-Sun Nov 25 19:07:47 2012 UTC (0.200 )  Run 215091, LB 149 (1353870467768508160.000000,1353870467568507392.000000)
Event Veto ['NoiseBurst'], Sun Nov 25 19:12:46 2012 UTC-Sun Nov 25 19:12:46 2012 UTC (0.200 )  Run 215091, LB 154 (1353870766883606784.000000,1353870766683606016.000000)
Event Veto ['NoiseBurst'], Sun Nov 25 19:13:27 2012 UTC-Sun Nov 25 19:13:28 2012 UTC (0.200 )  Run 215091, LB 155 (1353870808074069760.000000,1353870807873990656.000000)
Event Veto ['NoiseBurst'], Sun Nov 25 19:16:21 2012 UTC-Sun Nov 25 19:16:21 2012 UTC (0.200 )  Run 215091, LB 158 (1353870981745319168.000000,1353870981545318656.000000)
Event Veto ['NoiseBurst'], Sun Nov 25 19:17:06 2012 UTC-Sun Nov 25 19:17:06 2012 UTC (0.200 )  Run 215091, LB 159 (1353871026964427008.000000,1353871026764426496.000000)
Event Veto ['NoiseBurst'], Sun Nov 25 19:17:19 2012 UTC-Sun Nov 25 19:17:19 2012 UTC (0.200 )  Run 215091, LB 159 (1353871039839553024.000000,1353871039639552256.000000)
Event Veto ['NoiseBurst'], Sun Nov 25 19:18:37 2012 UTC-Sun Nov 25 19:18:37 2012 UTC (0.200 )  Run 215091, LB 160 (1353871117709818624.000000,1353871117509818368.000000)
Event Veto ['NoiseBurst'], Sun Nov 25 19:33:16 2012 UTC-Sun Nov 25 19:33:16 2012 UTC (0.200 )  Run 215091, LB 175 (1353871996374542848.000000,1353871996174542336.000000)
Event Veto ['NoiseBurst'], Sun Nov 25 19:33:25 2012 UTC-Sun Nov 25 19:33:25 2012 UTC (0.200 )  Run 215091, LB 175 (1353872005306776064.000000,1353872005106775296.000000)
Event Veto ['NoiseBurst'], Sun Nov 25 19:33:26 2012 UTC-Sun Nov 25 19:33:26 2012 UTC (0.200 )  Run 215091, LB 175 (1353872006660740608.000000,1353872006460739840.000000)
Event Veto ['NoiseBurst'], Sun Nov 25 19:33:45 2012 UTC-Sun Nov 25 19:33:46 2012 UTC (0.200 )  Run 215091, LB 175 (1353872026182276608.000000,1353872025982275840.000000)
Event Veto ['NoiseBurst'], Sun Nov 25 19:34:19 2012 UTC-Sun Nov 25 19:34:19 2012 UTC (0.200 )  Run 215091, LB 176 (1353872059577746176.000000,1353872059377744896.000000)
Event Veto ['NoiseBurst'], Sun Nov 25 19:35:33 2012 UTC-Sun Nov 25 19:35:34 2012 UTC (0.200 )  Run 215091, LB 177 (1353872134034286080.000000,1353872133834285824.000000)
Event Veto ['NoiseBurst'], Sun Nov 25 19:37:47 2012 UTC-Sun Nov 25 19:37:48 2012 UTC (0.200 )  Run 215091, LB 180 (1353872268122386944.000000,1353872267921989888.000000)
Event Veto ['NoiseBurst'], Sun Nov 25 19:41:03 2012 UTC-Sun Nov 25 19:41:03 2012 UTC (0.200 )  Run 215091, LB 183 (1353872463807914752.000000,1353872463607913984.000000)
Event Veto ['NoiseBurst'], Sun Nov 25 19:42:57 2012 UTC-Sun Nov 25 19:42:57 2012 UTC (0.200 )  Run 215091, LB 185 (1353872577438787072.000000,1353872577238786560.000000)
Event Veto ['NoiseBurst'], Sun Nov 25 19:45:13 2012 UTC-Sun Nov 25 19:45:13 2012 UTC (0.200 )  Run 215091, LB 187 (1353872713810158336.000000,1353872713610157312.000000)
Event Veto ['NoiseBurst'], Sun Nov 25 19:45:31 2012 UTC-Sun Nov 25 19:45:31 2012 UTC (0.200 )  Run 215091, LB 187 (1353872731693639680.000000,1353872731493638656.000000)
Event Veto ['NoiseBurst'], Sun Nov 25 19:45:36 2012 UTC-Sun Nov 25 19:45:36 2012 UTC (0.200 )  Run 215091, LB 187 (1353872736824315136.000000,1353872736624314368.000000)
Event Veto ['NoiseBurst'], Sun Nov 25 19:46:33 2012 UTC-Sun Nov 25 19:46:33 2012 UTC (0.200 )  Run 215091, LB 188 (1353872793809536512.000000,1353872793609536000.000000)
Event Veto ['NoiseBurst'], Sun Nov 25 19:46:43 2012 UTC-Sun Nov 25 19:46:43 2012 UTC (0.313 )  Run 215091, LB 189 (1353872803603592704.000000,1353872803290855680.000000)
Event Veto ['NoiseBurst'], Sun Nov 25 19:48:27 2012 UTC-Sun Nov 25 19:48:27 2012 UTC (0.200 )  Run 215091, LB 190 (1353872907308121600.000000,1353872907108118528.000000)
Event Veto ['NoiseBurst'], Sun Nov 25 19:48:37 2012 UTC-Sun Nov 25 19:48:38 2012 UTC (0.200 )  Run 215091, LB 190 (1353872918182667264.000000,1353872917982565120.000000)
Event Veto ['NoiseBurst'], Sun Nov 25 19:49:37 2012 UTC-Sun Nov 25 19:49:37 2012 UTC (0.200 )  Run 215091, LB 191 (1353872977753335808.000000,1353872977553335808.000000)
Event Veto ['NoiseBurst'], Sun Nov 25 19:49:46 2012 UTC-Sun Nov 25 19:49:46 2012 UTC (0.200 )  Run 215091, LB 192 (1353872986534185216.000000,1353872986334184704.000000)
Event Veto ['NoiseBurst'], Sun Nov 25 19:57:52 2012 UTC-Sun Nov 25 19:57:52 2012 UTC (0.298 )  Run 215091, LB 200 (1353873472687515648.000000,1353873472389523968.000000)
Event Veto ['NoiseBurst'], Sun Nov 25 20:02:30 2012 UTC-Sun Nov 25 20:02:30 2012 UTC (0.200 )  Run 215091, LB 205 (1353873750346228736.000000,1353873750146227968.000000)
Event Veto ['NoiseBurst'], Sun Nov 25 20:04:10 2012 UTC-Sun Nov 25 20:04:11 2012 UTC (0.200 )  Run 215091, LB 206 (1353873851147612416.000000,1353873850947612160.000000)
Event Veto ['NoiseBurst'], Sun Nov 25 20:04:11 2012 UTC-Sun Nov 25 20:04:11 2012 UTC (0.200 )  Run 215091, LB 206 (1353873851952289024.000000,1353873851752288256.000000)
Event Veto ['NoiseBurst'], Sun Nov 25 20:04:24 2012 UTC-Sun Nov 25 20:04:25 2012 UTC (0.200 )  Run 215091, LB 206 (1353873865028343296.000000,1353873864828342528.000000)
Event Veto ['NoiseBurst'], Sun Nov 25 20:05:45 2012 UTC-Sun Nov 25 20:05:45 2012 UTC (0.200 )  Run 215091, LB 208 (1353873945371068672.000000,1353873945171067904.000000)
Event Veto ['NoiseBurst'], Sun Nov 25 20:10:05 2012 UTC-Sun Nov 25 20:10:05 2012 UTC (0.200 )  Run 215091, LB 213 (1353874205306073344.000000,1353874205106072576.000000)
Event Veto ['NoiseBurst'], Sun Nov 25 20:10:23 2012 UTC-Sun Nov 25 20:10:23 2012 UTC (0.200 )  Run 215091, LB 213 (1353874223431803904.000000,1353874223231803392.000000)
Event Veto ['NoiseBurst'], Sun Nov 25 20:15:08 2012 UTC-Sun Nov 25 20:15:09 2012 UTC (0.200 )  Run 215091, LB 218 (1353874509157148160.000000,1353874508957147648.000000)
Event Veto ['NoiseBurst'], Sun Nov 25 20:17:19 2012 UTC-Sun Nov 25 20:17:19 2012 UTC (0.200 )  Run 215091, LB 220 (1353874639228674304.000000,1353874639028673536.000000)
Event Veto ['NoiseBurst'], Sun Nov 25 20:24:05 2012 UTC-Sun Nov 25 20:24:05 2012 UTC (0.200 )  Run 215091, LB 227 (1353875045691312384.000000,1353875045491312128.000000)
Event Veto ['NoiseBurst'], Sun Nov 25 20:24:45 2012 UTC-Sun Nov 25 20:24:45 2012 UTC (0.200 )  Run 215091, LB 228 (1353875085563477248.000000,1353875085363476992.000000)
Event Veto ['NoiseBurst'], Sun Nov 25 20:26:34 2012 UTC-Sun Nov 25 20:26:34 2012 UTC (0.200 )  Run 215091, LB 229 (1353875194440713728.000000,1353875194240712704.000000)
Event Veto ['NoiseBurst'], Sun Nov 25 20:27:29 2012 UTC-Sun Nov 25 20:27:29 2012 UTC (0.200 )  Run 215091, LB 230 (1353875249339671296.000000,1353875249139366912.000000)
Event Veto ['NoiseBurst'], Sun Nov 25 20:28:33 2012 UTC-Sun Nov 25 20:28:33 2012 UTC (0.200 )  Run 215091, LB 231 (1353875313753540096.000000,1353875313553539328.000000)
Event Veto ['NoiseBurst'], Sun Nov 25 20:49:46 2012 UTC-Sun Nov 25 20:49:47 2012 UTC (0.200 )  Run 215091, LB 252 (1353876587095211008.000000,1353876586895141120.000000)
Event Veto ['NoiseBurst'], Sun Nov 25 20:51:40 2012 UTC-Sun Nov 25 20:51:40 2012 UTC (0.200 )  Run 215091, LB 254 (1353876700727084800.000000,1353876700527084288.000000)
Event Veto ['NoiseBurst'], Sun Nov 25 20:54:23 2012 UTC-Sun Nov 25 20:54:23 2012 UTC (0.200 )  Run 215091, LB 257 (1353876863986826752.000000,1353876863786825984.000000)
Event Veto ['NoiseBurst'], Sun Nov 25 20:54:51 2012 UTC-Sun Nov 25 20:54:52 2012 UTC (0.200 )  Run 215091, LB 257 (1353876892050048000.000000,1353876891849783552.000000)
Event Veto ['NoiseBurst'], Sun Nov 25 21:05:44 2012 UTC-Sun Nov 25 21:05:44 2012 UTC (0.200 )  Run 215091, LB 268 (1353877544424282112.000000,1353877544224281344.000000)
Event Veto ['NoiseBurst'], Sun Nov 25 21:07:20 2012 UTC-Sun Nov 25 21:07:20 2012 UTC (0.200 )  Run 215091, LB 269 (1353877640402269696.000000,1353877640202269184.000000)
Event Veto ['NoiseBurst'], Sun Nov 25 21:07:20 2012 UTC-Sun Nov 25 21:07:21 2012 UTC (0.200 )  Run 215091, LB 269 (1353877641067340288.000000,1353877640867340288.000000)
Event Veto ['NoiseBurst'], Sun Nov 25 21:09:52 2012 UTC-Sun Nov 25 21:09:52 2012 UTC (0.200 )  Run 215091, LB 272 (1353877792368257280.000000,1353877792168257024.000000)
Event Veto ['NoiseBurst'], Sun Nov 25 21:19:43 2012 UTC-Sun Nov 25 21:19:43 2012 UTC (0.200 )  Run 215091, LB 283 (1353878383209768960.000000,1353878383009768192.000000)
Event Veto ['NoiseBurst'], Sun Nov 25 21:25:28 2012 UTC-Sun Nov 25 21:25:29 2012 UTC (0.200 )  Run 215091, LB 288 (1353878729185828352.000000,1353878728985827072.000000)
Event Veto ['NoiseBurst'], Sun Nov 25 21:25:36 2012 UTC-Sun Nov 25 21:25:37 2012 UTC (0.200 )  Run 215091, LB 289 (1353878737146678016.000000,1353878736946677504.000000)
Event Veto ['NoiseBurst'], Sun Nov 25 21:26:05 2012 UTC-Sun Nov 25 21:26:06 2012 UTC (0.200 )  Run 215091, LB 289 (1353878766167173632.000000,1353878765967172864.000000)
Event Veto ['NoiseBurst'], Sun Nov 25 21:26:50 2012 UTC-Sun Nov 25 21:26:50 2012 UTC (0.200 )  Run 215091, LB 290 (1353878810447464960.000000,1353878810247464448.000000)
Event Veto ['NoiseBurst'], Sun Nov 25 21:27:35 2012 UTC-Sun Nov 25 21:27:35 2012 UTC (0.200 )  Run 215091, LB 290 (1353878855956845568.000000,1353878855756844800.000000)
Event Veto ['NoiseBurst'], Sun Nov 25 21:30:54 2012 UTC-Sun Nov 25 21:30:54 2012 UTC (0.200 )  Run 215091, LB 294 (1353879054518398720.000000,1353879054318397440.000000)
Event Veto ['NoiseBurst'], Sun Nov 25 21:35:24 2012 UTC-Sun Nov 25 21:35:24 2012 UTC (0.200 )  Run 215091, LB 298 (1353879324455347456.000000,1353879324255346944.000000)
Event Veto ['NoiseBurst'], Sun Nov 25 21:35:34 2012 UTC-Sun Nov 25 21:35:34 2012 UTC (0.200 )  Run 215091, LB 298 (1353879334605651200.000000,1353879334405650432.000000)
Event Veto ['NoiseBurst'], Sun Nov 25 21:39:03 2012 UTC-Sun Nov 25 21:39:03 2012 UTC (0.200 )  Run 215091, LB 302 (1353879543808280320.000000,1353879543608280064.000000)
Event Veto ['NoiseBurst'], Sun Nov 25 21:39:39 2012 UTC-Sun Nov 25 21:39:39 2012 UTC (0.200 )  Run 215091, LB 302 (1353879579399996928.000000,1353879579199996672.000000)
Event Veto ['NoiseBurst'], Sun Nov 25 21:48:03 2012 UTC-Sun Nov 25 21:48:03 2012 UTC (0.200 )  Run 215091, LB 311 (1353880083601304064.000000,1353880083401303296.000000)
Event Veto ['NoiseBurst'], Sun Nov 25 21:51:55 2012 UTC-Sun Nov 25 21:51:55 2012 UTC (0.202 )  Run 215091, LB 315 (1353880315891074048.000000,1353880315688699904.000000)
Event Veto ['NoiseBurst'], Sun Nov 25 22:05:42 2012 UTC-Sun Nov 25 22:05:42 2012 UTC (0.200 )  Run 215091, LB 331 (1353881142534846464.000000,1353881142334732032.000000)
Event Veto ['NoiseBurst'], Sun Nov 25 22:18:51 2012 UTC-Sun Nov 25 22:18:51 2012 UTC (0.200 )  Run 215091, LB 345 (1353881931629935872.000000,1353881931429935104.000000)
Event Veto ['NoiseBurst'], Sun Nov 25 22:25:54 2012 UTC-Sun Nov 25 22:25:54 2012 UTC (0.200 )  Run 215091, LB 351 (1353882354495527936.000000,1353882354295527936.000000)
Event Veto ['NoiseBurst'], Sun Nov 25 22:26:54 2012 UTC-Sun Nov 25 22:26:54 2012 UTC (0.200 )  Run 215091, LB 352 (1353882414430590720.000000,1353882414230589952.000000)
Event Veto ['NoiseBurst'], Sun Nov 25 22:29:34 2012 UTC-Sun Nov 25 22:29:34 2012 UTC (0.200 )  Run 215091, LB 355 (1353882574526351360.000000,1353882574326350592.000000)
Event Veto ['NoiseBurst'], Sun Nov 25 22:29:46 2012 UTC-Sun Nov 25 22:29:46 2012 UTC (0.200 )  Run 215091, LB 355 (1353882586255136256.000000,1353882586055135488.000000)
Event Veto ['NoiseBurst'], Sun Nov 25 22:34:19 2012 UTC-Sun Nov 25 22:34:19 2012 UTC (0.200 )  Run 215091, LB 360 (1353882859371316480.000000,1353882859171316224.000000)
Event Veto ['NoiseBurst'], Sun Nov 25 22:36:14 2012 UTC-Sun Nov 25 22:36:14 2012 UTC (0.200 )  Run 215091, LB 362 (1353882974830803712.000000,1353882974630803200.000000)
Event Veto ['NoiseBurst'], Sun Nov 25 22:37:28 2012 UTC-Sun Nov 25 22:37:28 2012 UTC (0.200 )  Run 215091, LB 363 (1353883048887330304.000000,1353883048687330304.000000)
Event Veto ['NoiseBurst'], Sun Nov 25 22:38:44 2012 UTC-Sun Nov 25 22:38:44 2012 UTC (0.200 )  Run 215091, LB 364 (1353883124472453376.000000,1353883124272452864.000000)
Event Veto ['NoiseBurst'], Sun Nov 25 22:39:31 2012 UTC-Sun Nov 25 22:39:31 2012 UTC (0.200 )  Run 215091, LB 365 (1353883171582674176.000000,1353883171382672896.000000)
Event Veto ['NoiseBurst'], Sun Nov 25 22:40:02 2012 UTC-Sun Nov 25 22:40:03 2012 UTC (0.200 )  Run 215091, LB 365 (1353883203022311168.000000,1353883202822310144.000000)
Event Veto ['NoiseBurst'], Sun Nov 25 22:40:12 2012 UTC-Sun Nov 25 22:40:12 2012 UTC (0.200 )  Run 215091, LB 366 (1353883212867282688.000000,1353883212667176192.000000)
Event Veto ['NoiseBurst'], Sun Nov 25 22:42:15 2012 UTC-Sun Nov 25 22:42:15 2012 UTC (0.200 )  Run 215091, LB 368 (1353883335205806592.000000,1353883335005806592.000000)
Event Veto ['NoiseBurst'], Sun Nov 25 22:44:40 2012 UTC-Sun Nov 25 22:44:41 2012 UTC (0.200 )  Run 215091, LB 370 (1353883481181922816.000000,1353883480981922048.000000)
Event Veto ['NoiseBurst'], Sun Nov 25 22:45:07 2012 UTC-Sun Nov 25 22:45:08 2012 UTC (0.200 )  Run 215091, LB 370 (1353883508040966912.000000,1353883507840966400.000000)
Event Veto ['NoiseBurst'], Sun Nov 25 22:46:22 2012 UTC-Sun Nov 25 22:46:22 2012 UTC (0.200 )  Run 215091, LB 372 (1353883582796758528.000000,1353883582596690944.000000)
Event Veto ['NoiseBurst'], Sun Nov 25 22:46:34 2012 UTC-Sun Nov 25 22:46:34 2012 UTC (0.200 )  Run 215091, LB 372 (1353883594284855040.000000,1353883594084854272.000000)
Event Veto ['NoiseBurst'], Sun Nov 25 22:48:49 2012 UTC-Sun Nov 25 22:48:49 2012 UTC (0.200 )  Run 215091, LB 374 (1353883729845040896.000000,1353883729645040384.000000)
Event Veto ['NoiseBurst'], Sun Nov 25 23:08:36 2012 UTC-Sun Nov 25 23:08:36 2012 UTC (0.200 )  Run 215091, LB 393 (1353884916994366208.000000,1353884916794366208.000000)
Event Veto ['NoiseBurst'], Sun Nov 25 23:11:53 2012 UTC-Sun Nov 25 23:11:54 2012 UTC (0.200 )  Run 215091, LB 397 (1353885114195313152.000000,1353885113995312640.000000)
Event Veto ['NoiseBurst'], Sun Nov 25 23:12:29 2012 UTC-Sun Nov 25 23:12:29 2012 UTC (0.200 )  Run 215091, LB 397 (1353885149614735104.000000,1353885149414734592.000000)
Event Veto ['NoiseBurst'], Sun Nov 25 23:13:15 2012 UTC-Sun Nov 25 23:13:15 2012 UTC (0.200 )  Run 215091, LB 398 (1353885195792488192.000000,1353885195592487424.000000)
Event Veto ['NoiseBurst'], Sun Nov 25 23:14:28 2012 UTC-Sun Nov 25 23:14:28 2012 UTC (0.200 )  Run 215091, LB 399 (1353885268866527744.000000,1353885268666525696.000000)
Event Veto ['NoiseBurst'], Sun Nov 25 23:14:39 2012 UTC-Sun Nov 25 23:14:39 2012 UTC (0.275 )  Run 215091, LB 399 (1353885279612153088.000000,1353885279336744960.000000)
Event Veto ['NoiseBurst'], Sun Nov 25 23:17:34 2012 UTC-Sun Nov 25 23:17:35 2012 UTC (0.202 )  Run 215091, LB 402 (1353885455163262464.000000,1353885454961479936.000000)
Event Veto ['NoiseBurst'], Sun Nov 25 23:17:42 2012 UTC-Sun Nov 25 23:17:42 2012 UTC (0.200 )  Run 215091, LB 402 (1353885462790545408.000000,1353885462590544640.000000)
Event Veto ['NoiseBurst'], Sun Nov 25 23:24:34 2012 UTC-Sun Nov 25 23:24:34 2012 UTC (0.200 )  Run 215091, LB 409 (1353885874939227136.000000,1353885874739226368.000000)
Event Veto ['NoiseBurst'], Sun Nov 25 23:25:00 2012 UTC-Sun Nov 25 23:25:01 2012 UTC (0.200 )  Run 215091, LB 410 (1353885901099994368.000000,1353885900899993600.000000)
Event Veto ['NoiseBurst'], Sun Nov 25 23:34:06 2012 UTC-Sun Nov 25 23:34:06 2012 UTC (0.200 )  Run 215091, LB 419 (1353886446985570560.000000,1353886446785569792.000000)
Event Veto ['NoiseBurst'], Sun Nov 25 23:34:21 2012 UTC-Sun Nov 25 23:34:21 2012 UTC (0.200 )  Run 215091, LB 419 (1353886461375159552.000000,1353886461175158784.000000)
Event Veto ['NoiseBurst'], Sun Nov 25 23:37:32 2012 UTC-Sun Nov 25 23:37:33 2012 UTC (0.200 )  Run 215091, LB 422 (1353886653020690176.000000,1353886652820689920.000000)
Event Veto ['NoiseBurst'], Sun Nov 25 23:41:35 2012 UTC-Sun Nov 25 23:41:35 2012 UTC (0.200 )  Run 215091, LB 426 (1353886895881938176.000000,1353886895681937664.000000)
Event Veto ['NoiseBurst'], Sun Nov 25 23:41:36 2012 UTC-Sun Nov 25 23:41:36 2012 UTC (0.200 )  Run 215091, LB 426 (1353886896590086912.000000,1353886896390086400.000000)
Event Veto ['NoiseBurst'], Sun Nov 25 23:42:42 2012 UTC-Sun Nov 25 23:42:42 2012 UTC (0.200 )  Run 215091, LB 427 (1353886962287140864.000000,1353886962087140096.000000)
Event Veto ['NoiseBurst'], Sun Nov 25 23:59:22 2012 UTC-Sun Nov 25 23:59:22 2012 UTC (0.200 )  Run 215091, LB 445 (1353887962902407424.000000,1353887962702406912.000000)
Event Veto ['NoiseBurst'], Mon Nov 26 00:03:24 2012 UTC-Mon Nov 26 00:03:24 2012 UTC (0.200 )  Run 215091, LB 449 (1353888204830733312.000000,1353888204630732032.000000)
Event Veto ['NoiseBurst'], Mon Nov 26 00:06:49 2012 UTC-Mon Nov 26 00:06:49 2012 UTC (0.200 )  Run 215091, LB 453 (1353888409281665792.000000,1353888409081665024.000000)
Event Veto ['NoiseBurst'], Mon Nov 26 00:06:51 2012 UTC-Mon Nov 26 00:06:52 2012 UTC (0.200 )  Run 215091, LB 453 (1353888412043700224.000000,1353888411843699456.000000)
Event Veto ['NoiseBurst'], Mon Nov 26 00:06:56 2012 UTC-Mon Nov 26 00:06:57 2012 UTC (0.200 )  Run 215091, LB 453 (1353888417188805376.000000,1353888416988804352.000000)
Event Veto ['NoiseBurst'], Mon Nov 26 00:07:03 2012 UTC-Mon Nov 26 00:07:03 2012 UTC (0.200 )  Run 215091, LB 453 (1353888423979773696.000000,1353888423779773184.000000)
Event Veto ['NoiseBurst'], Mon Nov 26 00:07:21 2012 UTC-Mon Nov 26 00:07:21 2012 UTC (0.200 )  Run 215091, LB 453 (1353888441675759360.000000,1353888441475756544.000000)
Event Veto ['NoiseBurst'], Mon Nov 26 00:07:48 2012 UTC-Mon Nov 26 00:07:48 2012 UTC (0.200 )  Run 215091, LB 454 (1353888468461898240.000000,1353888468261897728.000000)
Event Veto ['NoiseBurst'], Mon Nov 26 00:08:44 2012 UTC-Mon Nov 26 00:08:44 2012 UTC (0.200 )  Run 215091, LB 454 (1353888524660260608.000000,1353888524460259840.000000)
Event Veto ['NoiseBurst'], Mon Nov 26 00:11:21 2012 UTC-Mon Nov 26 00:11:21 2012 UTC (0.200 )  Run 215091, LB 457 (1353888681692800000.000000,1353888681492799232.000000)
Event Veto ['NoiseBurst'], Mon Nov 26 00:12:48 2012 UTC-Mon Nov 26 00:12:49 2012 UTC (0.200 )  Run 215091, LB 458 (1353888769188801280.000000,1353888768988800512.000000)
Event Veto ['NoiseBurst'], Mon Nov 26 00:13:43 2012 UTC-Mon Nov 26 00:13:44 2012 UTC (0.200 )  Run 215091, LB 459 (1353888824067640320.000000,1353888823867639552.000000)
Event Veto ['NoiseBurst'], Mon Nov 26 00:14:48 2012 UTC-Mon Nov 26 00:14:48 2012 UTC (0.200 )  Run 215091, LB 460 (1353888888682361600.000000,1353888888482360832.000000)
Event Veto ['NoiseBurst'], Mon Nov 26 00:14:49 2012 UTC-Mon Nov 26 00:14:49 2012 UTC (0.200 )  Run 215091, LB 460 (1353888889703245056.000000,1353888889503244288.000000)
Event Veto ['NoiseBurst'], Mon Nov 26 00:18:00 2012 UTC-Mon Nov 26 00:18:00 2012 UTC (0.200 )  Run 215091, LB 464 (1353889080370678272.000000,1353889080170676736.000000)
Event Veto ['NoiseBurst'], Mon Nov 26 00:18:04 2012 UTC-Mon Nov 26 00:18:05 2012 UTC (0.200 )  Run 215091, LB 464 (1353889085124925440.000000,1353889084924924928.000000)
Event Veto ['NoiseBurst'], Mon Nov 26 00:18:05 2012 UTC-Mon Nov 26 00:18:06 2012 UTC (0.200 )  Run 215091, LB 464 (1353889086005217792.000000,1353889085805217536.000000)
Event Veto ['NoiseBurst'], Mon Nov 26 00:18:14 2012 UTC-Mon Nov 26 00:18:14 2012 UTC (0.200 )  Run 215091, LB 464 (1353889094794572800.000000,1353889094594572032.000000)
Event Veto ['NoiseBurst'], Mon Nov 26 00:20:18 2012 UTC-Mon Nov 26 00:20:18 2012 UTC (0.200 )  Run 215091, LB 466 (1353889218408897536.000000,1353889218208896768.000000)
Event Veto ['NoiseBurst'], Mon Nov 26 00:20:54 2012 UTC-Mon Nov 26 00:20:54 2012 UTC (0.200 )  Run 215091, LB 466 (1353889254742352384.000000,1353889254542351616.000000)
Event Veto ['NoiseBurst'], Mon Nov 26 00:29:13 2012 UTC-Mon Nov 26 00:29:13 2012 UTC (0.200 )  Run 215091, LB 475 (1353889753491060992.000000,1353889753291060224.000000)
Event Veto ['NoiseBurst'], Mon Nov 26 00:30:50 2012 UTC-Mon Nov 26 00:30:50 2012 UTC (0.200 )  Run 215091, LB 476 (1353889850495827712.000000,1353889850295827200.000000)
Event Veto ['NoiseBurst'], Mon Nov 26 00:31:05 2012 UTC-Mon Nov 26 00:31:05 2012 UTC (0.200 )  Run 215091, LB 476 (1353889865476791552.000000,1353889865276791040.000000)
Event Veto ['NoiseBurst'], Mon Nov 26 00:36:26 2012 UTC-Mon Nov 26 00:36:26 2012 UTC (0.202 )  Run 215091, LB 482 (1353890186513510912.000000,1353890186311140352.000000)
Event Veto ['NoiseBurst'], Mon Nov 26 00:40:34 2012 UTC-Mon Nov 26 00:40:34 2012 UTC (0.200 )  Run 215091, LB 487 (1353890434263588608.000000,1353890434063588096.000000)
Event Veto ['NoiseBurst'], Mon Nov 26 00:48:00 2012 UTC-Mon Nov 26 00:48:00 2012 UTC (0.200 )  Run 215091, LB 495 (1353890880516749824.000000,1353890880316749312.000000)
Event Veto ['NoiseBurst'], Mon Nov 26 00:51:45 2012 UTC-Mon Nov 26 00:51:45 2012 UTC (0.200 )  Run 215091, LB 499 (1353891105212139520.000000,1353891105012139264.000000)
Event Veto ['NoiseBurst'], Mon Nov 26 01:22:20 2012 UTC-Mon Nov 26 01:22:20 2012 UTC (0.200 )  Run 215091, LB 531 (1353892940666074112.000000,1353892940466073344.000000)
Event Veto ['NoiseBurst'], Mon Nov 26 01:33:04 2012 UTC-Mon Nov 26 01:33:04 2012 UTC (0.200 )  Run 215091, LB 542 (1353893584763152128.000000,1353893584563151872.000000)
Event Veto ['NoiseBurst'], Mon Nov 26 01:34:23 2012 UTC-Mon Nov 26 01:34:23 2012 UTC (0.200 )  Run 215091, LB 543 (1353893663496244992.000000,1353893663296244480.000000)
Event Veto ['NoiseBurst'], Mon Nov 26 01:45:39 2012 UTC-Mon Nov 26 01:45:39 2012 UTC (0.200 )  Run 215091, LB 554 (1353894339686855168.000000,1353894339486854656.000000)
Event Veto ['NoiseBurst'], Mon Nov 26 01:45:43 2012 UTC-Mon Nov 26 01:45:43 2012 UTC (0.200 )  Run 215091, LB 554 (1353894343565417984.000000,1353894343365417216.000000)
Event Veto ['NoiseBurst'], Mon Nov 26 01:45:51 2012 UTC-Mon Nov 26 01:45:52 2012 UTC (0.200 )  Run 215091, LB 555 (1353894352091755264.000000,1353894351891754240.000000)
Event Veto ['NoiseBurst'], Mon Nov 26 01:45:59 2012 UTC-Mon Nov 26 01:46:00 2012 UTC (0.200 )  Run 215091, LB 555 (1353894360038469376.000000,1353894359838468608.000000)
Event Veto ['NoiseBurst'], Mon Nov 26 01:46:04 2012 UTC-Mon Nov 26 01:46:05 2012 UTC (0.200 )  Run 215091, LB 555 (1353894365084409088.000000,1353894364884408320.000000)
Event Veto ['NoiseBurst'], Mon Nov 26 01:46:11 2012 UTC-Mon Nov 26 01:46:11 2012 UTC (0.200 )  Run 215091, LB 555 (1353894371209293568.000000,1353894371009292800.000000)
Event Veto ['NoiseBurst'], Mon Nov 26 01:46:15 2012 UTC-Mon Nov 26 01:46:15 2012 UTC (0.200 )  Run 215091, LB 555 (1353894375835424256.000000,1353894375635422464.000000)
Event Veto ['NoiseBurst'], Mon Nov 26 01:46:37 2012 UTC-Mon Nov 26 01:46:37 2012 UTC (0.200 )  Run 215091, LB 555 (1353894397645570048.000000,1353894397445569536.000000)
Event Veto ['NoiseBurst'], Mon Nov 26 01:46:46 2012 UTC-Mon Nov 26 01:46:46 2012 UTC (0.200 )  Run 215091, LB 555 (1353894406794829824.000000,1353894406594826752.000000)
Event Veto ['NoiseBurst'], Mon Nov 26 01:47:07 2012 UTC-Mon Nov 26 01:47:07 2012 UTC (0.200 )  Run 215091, LB 556 (1353894427844376576.000000,1353894427644375808.000000)
Event Veto ['NoiseBurst'], Mon Nov 26 01:47:14 2012 UTC-Mon Nov 26 01:47:14 2012 UTC (0.200 )  Run 215091, LB 556 (1353894434379747840.000000,1353894434179747072.000000)
Event Veto ['NoiseBurst'], Mon Nov 26 01:47:26 2012 UTC-Mon Nov 26 01:47:26 2012 UTC (0.200 )  Run 215091, LB 556 (1353894446246192128.000000,1353894446046190592.000000)
Event Veto ['NoiseBurst'], Mon Nov 26 01:47:37 2012 UTC-Mon Nov 26 01:47:37 2012 UTC (0.200 )  Run 215091, LB 556 (1353894457495832320.000000,1353894457295831552.000000)
Event Veto ['NoiseBurst'], Mon Nov 26 01:47:42 2012 UTC-Mon Nov 26 01:47:43 2012 UTC (0.200 )  Run 215091, LB 556 (1353894463060320000.000000,1353894462860319232.000000)
Event Veto ['NoiseBurst'], Mon Nov 26 01:47:52 2012 UTC-Mon Nov 26 01:47:53 2012 UTC (0.200 )  Run 215091, LB 557 (1353894473072582912.000000,1353894472872582144.000000)
Event Veto ['NoiseBurst'], Mon Nov 26 01:48:02 2012 UTC-Mon Nov 26 01:48:02 2012 UTC (0.200 )  Run 215091, LB 557 (1353894482789826048.000000,1353894482589825536.000000)
Event Veto ['NoiseBurst'], Mon Nov 26 01:48:18 2012 UTC-Mon Nov 26 01:48:18 2012 UTC (0.200 )  Run 215091, LB 557 (1353894498279677952.000000,1353894498079677184.000000)
Event Veto ['NoiseBurst'], Mon Nov 26 01:49:16 2012 UTC-Mon Nov 26 01:49:16 2012 UTC (0.200 )  Run 215091, LB 558 (1353894556252439552.000000,1353894556052439296.000000)
Event Veto ['NoiseBurst'], Mon Nov 26 01:49:55 2012 UTC-Mon Nov 26 01:49:55 2012 UTC (0.200 )  Run 215091, LB 559 (1353894595532182016.000000,1353894595332178176.000000)
Event Veto ['NoiseBurst'], Mon Nov 26 01:52:22 2012 UTC-Mon Nov 26 01:52:22 2012 UTC (0.200 )  Run 215091, LB 561 (1353894742695787008.000000,1353894742495786496.000000)
Event Veto ['NoiseBurst'], Mon Nov 26 01:52:39 2012 UTC-Mon Nov 26 01:52:39 2012 UTC (0.200 )  Run 215091, LB 561 (1353894759396453120.000000,1353894759196388352.000000)
Event Veto ['NoiseBurst'], Mon Nov 26 01:52:51 2012 UTC-Mon Nov 26 01:52:52 2012 UTC (0.200 )  Run 215091, LB 561 (1353894772083224576.000000,1353894771883223552.000000)
Event Veto ['NoiseBurst'], Mon Nov 26 01:53:27 2012 UTC-Mon Nov 26 01:53:27 2012 UTC (0.200 )  Run 215091, LB 562 (1353894807660739328.000000,1353894807460738560.000000)
Event Veto ['NoiseBurst'], Mon Nov 26 01:53:32 2012 UTC-Mon Nov 26 01:53:32 2012 UTC (0.200 )  Run 215091, LB 562 (1353894812299491840.000000,1353894812099491072.000000)
Event Veto ['NoiseBurst'], Mon Nov 26 01:53:50 2012 UTC-Mon Nov 26 01:53:50 2012 UTC (0.200 )  Run 215091, LB 562 (1353894830688114432.000000,1353894830488113664.000000)
Event Veto ['NoiseBurst'], Mon Nov 26 01:53:56 2012 UTC-Mon Nov 26 01:53:56 2012 UTC (0.200 )  Run 215091, LB 563 (1353894836294532608.000000,1353894836094531840.000000)
Event Veto ['NoiseBurst'], Mon Nov 26 01:54:07 2012 UTC-Mon Nov 26 01:54:08 2012 UTC (0.200 )  Run 215091, LB 563 (1353894848094980096.000000,1353894847894977792.000000)
Event Veto ['NoiseBurst'], Mon Nov 26 01:54:31 2012 UTC-Mon Nov 26 01:54:32 2012 UTC (0.200 )  Run 215091, LB 563 (1353894872182452480.000000,1353894871982450944.000000)
Event Veto ['NoiseBurst'], Mon Nov 26 01:55:02 2012 UTC-Mon Nov 26 01:55:02 2012 UTC (0.200 )  Run 215091, LB 564 (1353894902819046656.000000,1353894902619044864.000000)
Event Veto ['NoiseBurst'], Mon Nov 26 01:55:17 2012 UTC-Mon Nov 26 01:55:17 2012 UTC (0.200 )  Run 215091, LB 564 (1353894917467741184.000000,1353894917267740416.000000)
Event Veto ['NoiseBurst'], Mon Nov 26 01:55:39 2012 UTC-Mon Nov 26 01:55:39 2012 UTC (0.200 )  Run 215091, LB 564 (1353894939936104960.000000,1353894939736104192.000000)
Event Veto ['NoiseBurst'], Mon Nov 26 01:55:53 2012 UTC-Mon Nov 26 01:55:54 2012 UTC (0.200 )  Run 215091, LB 564 (1353894954007072000.000000,1353894953807071232.000000)
Event Veto ['NoiseBurst'], Mon Nov 26 01:56:04 2012 UTC-Mon Nov 26 01:56:04 2012 UTC (0.200 )  Run 215091, LB 565 (1353894964518249216.000000,1353894964318248704.000000)
Event Veto ['NoiseBurst'], Mon Nov 26 01:56:33 2012 UTC-Mon Nov 26 01:56:33 2012 UTC (0.200 )  Run 215091, LB 565 (1353894993445859328.000000,1353894993245858560.000000)
Event Veto ['NoiseBurst'], Mon Nov 26 01:56:39 2012 UTC-Mon Nov 26 01:56:39 2012 UTC (0.200 )  Run 215091, LB 565 (1353894999564281600.000000,1353894999364280832.000000)
Event Veto ['NoiseBurst'], Mon Nov 26 01:56:55 2012 UTC-Mon Nov 26 01:56:55 2012 UTC (0.200 )  Run 215091, LB 565 (1353895015597856512.000000,1353895015397856000.000000)
Event Veto ['NoiseBurst'], Mon Nov 26 01:57:06 2012 UTC-Mon Nov 26 01:57:06 2012 UTC (0.200 )  Run 215091, LB 566 (1353895026826044672.000000,1353895026626042624.000000)
Event Veto ['NoiseBurst'], Mon Nov 26 01:57:18 2012 UTC-Mon Nov 26 01:57:18 2012 UTC (0.200 )  Run 215091, LB 566 (1353895038771421440.000000,1353895038571420928.000000)
Event Veto ['NoiseBurst'], Mon Nov 26 01:57:28 2012 UTC-Mon Nov 26 01:57:28 2012 UTC (0.200 )  Run 215091, LB 566 (1353895048433472512.000000,1353895048233472000.000000)
Event Veto ['NoiseBurst'], Mon Nov 26 01:57:38 2012 UTC-Mon Nov 26 01:57:38 2012 UTC (0.200 )  Run 215091, LB 566 (1353895058753516288.000000,1353895058553514496.000000)
Event Veto ['NoiseBurst'], Mon Nov 26 01:57:39 2012 UTC-Mon Nov 26 01:57:39 2012 UTC (0.200 )  Run 215091, LB 566 (1353895059913894912.000000,1353895059713893888.000000)
Event Veto ['NoiseBurst'], Mon Nov 26 01:57:50 2012 UTC-Mon Nov 26 01:57:50 2012 UTC (0.200 )  Run 215091, LB 566 (1353895070330686208.000000,1353895070130684416.000000)
Event Veto ['NoiseBurst'], Mon Nov 26 01:58:02 2012 UTC-Mon Nov 26 01:58:02 2012 UTC (0.200 )  Run 215091, LB 567 (1353895082234343424.000000,1353895082034342656.000000)
Event Veto ['NoiseBurst'], Mon Nov 26 01:58:10 2012 UTC-Mon Nov 26 01:58:10 2012 UTC (0.200 )  Run 215091, LB 567 (1353895090265768192.000000,1353895090065767424.000000)
Event Veto ['NoiseBurst'], Mon Nov 26 01:58:19 2012 UTC-Mon Nov 26 01:58:19 2012 UTC (0.200 )  Run 215091, LB 567 (1353895099398604032.000000,1353895099198600704.000000)
Event Veto ['NoiseBurst'], Mon Nov 26 01:58:42 2012 UTC-Mon Nov 26 01:58:42 2012 UTC (0.200 )  Run 215091, LB 567 (1353895122392884736.000000,1353895122192883968.000000)
Event Veto ['NoiseBurst'], Mon Nov 26 01:58:42 2012 UTC-Mon Nov 26 01:58:43 2012 UTC (0.200 )  Run 215091, LB 567 (1353895123091413504.000000,1353895122891412736.000000)
Event Veto ['NoiseBurst'], Mon Nov 26 01:58:50 2012 UTC-Mon Nov 26 01:58:50 2012 UTC (0.200 )  Run 215091, LB 567 (1353895130365553664.000000,1353895130165552896.000000)
Event Veto ['NoiseBurst'], Mon Nov 26 01:59:01 2012 UTC-Mon Nov 26 01:59:02 2012 UTC (0.200 )  Run 215091, LB 568 (1353895142137966848.000000,1353895141937966080.000000)
Event Veto ['NoiseBurst'], Mon Nov 26 01:59:09 2012 UTC-Mon Nov 26 01:59:10 2012 UTC (0.200 )  Run 215091, LB 568 (1353895150104498944.000000,1353895149904498176.000000)
Event Veto ['NoiseBurst'], Mon Nov 26 01:59:15 2012 UTC-Mon Nov 26 01:59:15 2012 UTC (0.200 )  Run 215091, LB 568 (1353895155500080128.000000,1353895155300079616.000000)
Event Veto ['NoiseBurst'], Mon Nov 26 01:59:23 2012 UTC-Mon Nov 26 01:59:23 2012 UTC (0.200 )  Run 215091, LB 568 (1353895163752798976.000000,1353895163552798208.000000)
Event Veto ['NoiseBurst'], Mon Nov 26 01:59:32 2012 UTC-Mon Nov 26 01:59:32 2012 UTC (0.200 )  Run 215091, LB 568 (1353895172441643008.000000,1353895172241641984.000000)
Event Veto ['NoiseBurst'], Mon Nov 26 01:59:44 2012 UTC-Mon Nov 26 01:59:44 2012 UTC (0.200 )  Run 215091, LB 568 (1353895184552813824.000000,1353895184352813056.000000)
Event Veto ['NoiseBurst'], Mon Nov 26 01:59:52 2012 UTC-Mon Nov 26 01:59:52 2012 UTC (0.200 )  Run 215091, LB 568 (1353895192700361984.000000,1353895192500361472.000000)
Event Veto ['NoiseBurst'], Mon Nov 26 02:00:00 2012 UTC-Mon Nov 26 02:00:01 2012 UTC (0.200 )  Run 215091, LB 569 (1353895201017389824.000000,1353895200817389056.000000)
Event Veto ['NoiseBurst'], Mon Nov 26 02:00:51 2012 UTC-Mon Nov 26 02:00:51 2012 UTC (0.200 )  Run 215091, LB 569 (1353895251952472576.000000,1353895251752471808.000000)
Event Veto ['NoiseBurst'], Mon Nov 26 02:04:13 2012 UTC-Mon Nov 26 02:04:13 2012 UTC (0.200 )  Run 215091, LB 573 (1353895453345551104.000000,1353895453145550592.000000)
Event Veto ['NoiseBurst'], Mon Nov 26 02:04:45 2012 UTC-Mon Nov 26 02:04:45 2012 UTC (0.200 )  Run 215091, LB 573 (1353895485586179072.000000,1353895485386178560.000000)
Event Veto ['NoiseBurst'], Mon Nov 26 02:14:48 2012 UTC-Mon Nov 26 02:14:49 2012 UTC (0.200 )  Run 215091, LB 583 (1353896089000944128.000000,1353896088800943360.000000)
Event Veto ['NoiseBurst'], Mon Nov 26 02:19:43 2012 UTC-Mon Nov 26 02:19:43 2012 UTC (0.200 )  Run 215091, LB 588 (1353896383367758336.000000,1353896383167757824.000000)
Event Veto ['NoiseBurst'], Mon Nov 26 02:20:12 2012 UTC-Mon Nov 26 02:20:12 2012 UTC (0.200 )  Run 215091, LB 588 (1353896412533669888.000000,1353896412333669120.000000)
Event Veto ['NoiseBurst'], Mon Nov 26 02:39:33 2012 UTC-Mon Nov 26 02:39:33 2012 UTC (0.200 )  Run 215091, LB 608 (1353897573726568960.000000,1353897573526568192.000000)
Event Veto ['NoiseBurst'], Mon Nov 26 02:45:03 2012 UTC-Mon Nov 26 02:45:03 2012 UTC (0.200 )  Run 215091, LB 614 (1353897903445229568.000000,1353897903244889856.000000)
Event Veto ['NoiseBurst'], Mon Nov 26 02:47:25 2012 UTC-Mon Nov 26 02:47:25 2012 UTC (0.200 )  Run 215091, LB 616 (1353898045605324288.000000,1353898045405324032.000000)
Event Veto ['NoiseBurst'], Mon Nov 26 02:57:43 2012 UTC-Mon Nov 26 02:57:43 2012 UTC (0.200 )  Run 215091, LB 626 (1353898663784149760.000000,1353898663584149248.000000)
Event Veto ['NoiseBurst'], Mon Nov 26 03:19:20 2012 UTC-Mon Nov 26 03:19:20 2012 UTC (0.200 )  Run 215091, LB 648 (1353899960848675328.000000,1353899960648674816.000000)
Event Veto ['NoiseBurst'], Mon Nov 26 03:19:57 2012 UTC-Mon Nov 26 03:19:58 2012 UTC (0.200 )  Run 215091, LB 648 (1353899998010979072.000000,1353899997810978304.000000)
Event Veto ['NoiseBurst'], Mon Nov 26 03:31:23 2012 UTC-Mon Nov 26 03:31:23 2012 UTC (0.200 )  Run 215091, LB 659 (1353900683255127808.000000,1353900683055127296.000000)
Event Veto ['NoiseBurst'], Mon Nov 26 03:33:08 2012 UTC-Mon Nov 26 03:33:08 2012 UTC (0.200 )  Run 215091, LB 661 (1353900788420238336.000000,1353900788220237312.000000)
Event Veto ['NoiseBurst'], Mon Nov 26 03:37:20 2012 UTC-Mon Nov 26 03:37:20 2012 UTC (0.206 )  Run 215091, LB 665 (1353901040770001408.000000,1353901040563716864.000000)
Event Veto ['NoiseBurst'], Mon Nov 26 03:43:57 2012 UTC-Mon Nov 26 03:43:57 2012 UTC (0.200 )  Run 215091, LB 672 (1353901437338373376.000000,1353901437138373376.000000)
Event Veto ['NoiseBurst'], Mon Nov 26 03:44:00 2012 UTC-Mon Nov 26 03:44:00 2012 UTC (0.200 )  Run 215091, LB 672 (1353901440204638464.000000,1353901440004637952.000000)
Event Veto ['NoiseBurst'], Mon Nov 26 03:57:41 2012 UTC-Mon Nov 26 03:57:41 2012 UTC (0.200 )  Run 215091, LB 685 (1353902261309870848.000000,1353902261109869568.000000)
Event Veto ['NoiseBurst'], Mon Nov 26 03:59:40 2012 UTC-Mon Nov 26 03:59:40 2012 UTC (0.200 )  Run 215091, LB 687 (1353902380988422144.000000,1353902380788421376.000000)
Event Veto ['NoiseBurst'], Mon Nov 26 04:01:24 2012 UTC-Mon Nov 26 04:01:24 2012 UTC (0.200 )  Run 215091, LB 689 (1353902484612520960.000000,1353902484412520192.000000)
Event Veto ['NoiseBurst'], Mon Nov 26 04:02:40 2012 UTC-Mon Nov 26 04:02:40 2012 UTC (0.200 )  Run 215091, LB 690 (1353902560575484416.000000,1353902560375483904.000000)
Event Veto ['NoiseBurst'], Mon Nov 26 04:03:34 2012 UTC-Mon Nov 26 04:03:34 2012 UTC (0.200 )  Run 215091, LB 691 (1353902614725908224.000000,1353902614525907712.000000)
Event Veto ['NoiseBurst'], Mon Nov 26 04:04:37 2012 UTC-Mon Nov 26 04:04:37 2012 UTC (0.200 )  Run 215091, LB 692 (1353902677484810496.000000,1353902677284809728.000000)
Event Veto ['NoiseBurst'], Mon Nov 26 04:25:51 2012 UTC-Mon Nov 26 04:25:51 2012 UTC (0.200 )  Run 215091, LB 713 (1353903951303875072.000000,1353903951103874560.000000)
Event Veto ['NoiseBurst'], Mon Nov 26 04:36:09 2012 UTC-Mon Nov 26 04:36:10 2012 UTC (0.200 )  Run 215091, LB 725 (1353904570106307328.000000,1353904569906306560.000000)
Event Veto ['NoiseBurst'], Mon Nov 26 04:42:34 2012 UTC-Mon Nov 26 04:42:34 2012 UTC (0.200 )  Run 215091, LB 731 (1353904954691599872.000000,1353904954491599360.000000)
Event Veto ['NoiseBurst'], Fri Nov 30 01:07:04 2012 UTC-Fri Nov 30 01:07:04 2012 UTC (0.200 ) 
Traceback (most recent call last):
  File "showEventVeto.py", line 270, in <module>
    showEventVetoFolder(db,folderName,tag,run1,run2,levelOfDetail)
  File "showEventVeto.py", line 164, in showEventVetoFolder
    rl1=tsToRl.getRunLumi(tf)
  File "showEventVeto.py", line 69, in getRunLumi
    obj=self._folder.findObject(cool.ValidityKey(pointInTime),0)
RuntimeError: (file "", line 0) Object not found - 1354237624654461840 (C++ exception)
