Sat Jan 16 19:20:10 CET 2016
Preloading tcmalloc_minimal.so
Py:Athena            INFO including file "AthenaCommon/Preparation.py"
Py:Athena            INFO using release [AtlasProduction-20.1.8.4] [x86_64-slc6-gcc48-opt] [20.1.X.Y-VAL-Prod/rel_3] -- built on [2015-10-27 21:34]
Py:Athena            INFO including file "AthenaCommon/Bootstrap.py"
Py:Athena            INFO including file "AthenaCommon/Atlas.UnixStandardJob.py"
Py:Athena            INFO including file "AthenaCommon/Execution.py"
Py:Athena            INFO including file "LArBadChannel2Ascii.py"
Py:Athena            INFO including file "IdDictDetDescrCnv/IdDictDetDescrCnv_joboptions.py"
Py:ConfigurableDb    INFO Read module info for 4776 configurables from 11 genConfDb files
Py:ConfigurableDb    INFO No duplicates have been found: that's good !
EventInfoMgtInit: Got release version  AtlasProduction-20.1.8.4
Py:IOVDbSvc.CondDB    INFO Setting up conditions DB access to instance CONDBR2
Data source lookup using /cvmfs/atlas.cern.ch/repo/sw/software/x86_64-slc6-gcc48-opt/20.1.8/AtlasCore/20.1.8/InstallArea/XML/AtlasAuthentication/dblookup.xml file
Py:Athena            INFO including file "LArConditionsCommon/LArIdMap_comm_jobOptions.py"
Py:Athena            INFO including file "LArIdCnv/LArIdCnv_joboptions.py"
Py:Athena            INFO including file "LArTools/LArTools_jobOptions.py"
Py:Athena            INFO including file "CaloIdCnv/CaloIdCnv_joboptions.py"
Py:Athena            INFO including file "CaloConditions/CaloConditions_jobOptions.py"
Py:Athena            INFO including file "CaloConditions/LArTTCellMap_ATLAS_jobOptions.py"
Py:Athena            INFO including file "CaloConditions/CaloTTIdMap_ATLAS_jobOptions.py"
Py:Athena            INFO including file "IdDictDetDescrCnv/IdDictDetDescrCnv_joboptions.py"
Py:Athena            INFO including file "CaloDetMgrDetDescrCnv/CaloDetMgrDetDescrCnv_joboptions.py"
now executing CaloDetMgrDetDescrCnv_CaloDetDescrCnv
Py:Athena            INFO including file "AthenaCommon/runbatch.py"
[?1034hApplicationMgr       INFO Updating Gaudi::PluginService::SetDebug(level) to level=0
ApplicationMgr    SUCCESS 
====================================================================================================================================
                                                   Welcome to ApplicationMgr (GaudiCoreSvc v3r1)
                                          running on lxplus0037.cern.ch on Sat Jan 16 19:20:16 2016
====================================================================================================================================
ApplicationMgr       INFO Successfully loaded modules : AthenaServices
ApplicationMgr       INFO Application Manager Configured successfully
ApplicationMgr       INFO Updating Gaudi::PluginService::SetDebug(level) to level=0
StatusCodeSvc        INFO initialize
AthDictLoaderSvc     INFO in initialize...
AthDictLoaderSvc     INFO acquired Dso-registry
ClassIDSvc           INFO Initializing ClassIDSvc - package version CLIDComps-00-06-18
ClassIDSvc           INFO  getRegistryEntries: read 2222 CLIDRegistry entries for module ALL
ChronoStatSvc        INFO  Number of skipped events for MemStat-1
CoreDumpSvc          INFO install f-a-t-a-l handler... (flag = -1)
CoreDumpSvc          INFO Handling signals: 11(Segmentation fault) 7(Bus error) 4(Illegal instruction) 8(Floating point exception) 
DetectorStore        INFO Initializing DetectorStore - package version StoreGate-02-45-01-11
MetaDataSvc          INFO Initializing MetaDataSvc - package version AthenaServices-01-59-06
InputMetaDataStore   INFO Initializing InputMetaDataStore - package version StoreGate-02-45-01-11
MetaDataStore        INFO Initializing MetaDataStore - package version StoreGate-02-45-01-11
AthenaPoolCnvSvc     INFO Initializing AthenaPoolCnvSvc - package version AthenaPoolCnvSvc-00-26-20
Warning in <TEnvRec::ChangeValue>: duplicate entry <Library.vector<bool>=vector.dll vectorbool.dll> for level 0; ignored
Warning in <TEnvRec::ChangeValue>: duplicate entry <Library.vector<char>=vector.dll vectorbool.dll> for level 0; ignored
Warning in <TEnvRec::ChangeValue>: duplicate entry <Library.vector<double>=vector.dll vectorbool.dll> for level 0; ignored
Warning in <TEnvRec::ChangeValue>: duplicate entry <Library.vector<float>=vector.dll vectorbool.dll> for level 0; ignored
Warning in <TEnvRec::ChangeValue>: duplicate entry <Library.vector<long>=vector.dll vectorbool.dll> for level 0; ignored
Warning in <TEnvRec::ChangeValue>: duplicate entry <Library.vector<short>=vector.dll vectorbool.dll> for level 0; ignored
Warning in <TEnvRec::ChangeValue>: duplicate entry <Library.vector<unsigned-char>=vector.dll vectorbool.dll> for level 0; ignored
Warning in <TEnvRec::ChangeValue>: duplicate entry <Library.vector<unsigned-int>=vector.dll vectorbool.dll> for level 0; ignored
Warning in <TEnvRec::ChangeValue>: duplicate entry <Library.vector<unsigned-long>=vector.dll vectorbool.dll> for level 0; ignored
Warning in <TEnvRec::ChangeValue>: duplicate entry <Library.vector<unsigned-short>=vector.dll vectorbool.dll> for level 0; ignored
Warning in <TEnvRec::ChangeValue>: duplicate entry <Library.list<double>=list.dll> for level 0; ignored
Warning in <TEnvRec::ChangeValue>: duplicate entry <Library.list<float>=list.dll> for level 0; ignored
Warning in <TEnvRec::ChangeValue>: duplicate entry <Library.list<int>=list.dll> for level 0; ignored
Warning in <TEnvRec::ChangeValue>: duplicate entry <Library.list<long>=list.dll> for level 0; ignored
Warning in <TEnvRec::ChangeValue>: duplicate entry <Library.list<string>=list.dll> for level 0; ignored
Warning in <TEnvRec::ChangeValue>: duplicate entry <Library.map<string,double>=map.dll> for level 0; ignored
Warning in <TEnvRec::ChangeValue>: duplicate entry <Library.map<string,float>=map.dll> for level 0; ignored
Warning in <TEnvRec::ChangeValue>: duplicate entry <Library.map<string,int>=map.dll> for level 0; ignored
Warning in <TEnvRec::ChangeValue>: duplicate entry <Library.map<int,int>=map2.dll> for level 0; ignored
Warning in <TEnvRec::ChangeValue>: duplicate entry <Library.multimap<string,int>=multimap.dll> for level 0; ignored
Warning in <TEnvRec::ChangeValue>: duplicate entry <Library.set<double>=set.dll> for level 0; ignored
Warning in <TEnvRec::ChangeValue>: duplicate entry <Library.set<float>=set.dll> for level 0; ignored
Warning in <TEnvRec::ChangeValue>: duplicate entry <Library.set<int>=set.dll> for level 0; ignored
Warning in <TEnvRec::ChangeValue>: duplicate entry <Library.set<long>=set.dll> for level 0; ignored
Warning in <TEnvRec::ChangeValue>: duplicate entry <Library.set<string>=set.dll> for level 0; ignored
AthenaRootStrea...   INFO POOL/ROOT class loader initialized
AthenaRootStrea...   INFO 9 ROOT streamers declared
AthenaRootStrea...   INFO   - Streamer name:CLHEPVec3dStreamer
AthenaRootStrea...   INFO ROOT Streamer for HepVector3D added converter for checksum = 358881035
AthenaRootStrea...   INFO Adopted streamer for class HepVector3D
AthenaRootStrea...   INFO   - Streamer name:CLHEPPoint3dStreamer
AthenaRootStrea...   INFO ROOT Streamer for HepPoint3D added converter for checksum = 1634550480
AthenaRootStrea...   INFO Adopted streamer for class HepPoint3D
AthenaRootStrea...   INFO   - Streamer name:CLHEPRotationStreamer
AthenaRootStrea...   INFO ROOT Streamer for HepRotation added converter for checksum = 4141898558
AthenaRootStrea...   INFO Adopted streamer for class HepRotation
AthenaRootStrea...   INFO   - Streamer name:CLHEPGenMatrixStreamer
AthenaRootStrea...   INFO ROOT Streamer for HepGenMatrix added converter for checksum = 21721098
AthenaRootStrea...   INFO Adopted streamer for class HepGenMatrix
AthenaRootStrea...   INFO   - Streamer name:CLHEPMatrixStreamer
AthenaRootStrea...   INFO ROOT Streamer for HepMatrix added converter for checksum = 3811046672
AthenaRootStrea...   INFO Adopted streamer for class HepMatrix
AthenaRootStrea...   INFO   - Streamer name:CLHEPLorVecStreamer
AthenaRootStrea...   INFO ROOT Streamer for HepLorentzVector added converter for checksum = 3077056266
AthenaRootStrea...   INFO Adopted streamer for class HepLorentzVector
AthenaRootStrea...   INFO   - Streamer name:CLHEPTransform3DStreamer
AthenaRootStrea...   INFO ROOT Streamer for HepTransform3D added converter for checksum = 520750269
AthenaRootStrea...   INFO Adopted streamer for class HepTransform3D
AthenaRootStrea...   INFO   - Streamer name:CLHEP3VectorStreamer
AthenaRootStrea...   INFO ROOT Streamer for Hep3Vector added converter for checksum = 760000369
AthenaRootStrea...   INFO Adopted streamer for class Hep3Vector
AthenaRootStrea...   INFO   - Streamer name:CLHEPBasicVectorStreamer
AthenaRootStrea...   INFO ROOT Streamer for BasicVector3D added converter for checksum = 2681080162
AthenaRootStrea...   INFO Adopted streamer for class BasicVector3D
PoolSvc              INFO Initializing PoolSvc - package version PoolSvc-00-24-06-01
PoolSvc              INFO io_register[PoolSvc](xmlcatalog_file:PoolFileCatalog.xml) [ok]
PoolSvc              INFO Set connectionsvc retry/timeout/IDLE timeout to  'ConnectionRetrialPeriod':300/ 'ConnectionRetrialTimeOut':3600/ 'ConnectionTimeOut':5 seconds with connection cleanup disabled
PoolSvc              INFO Frontier compression level set to 5
DBReplicaSvc         INFO Frontier server at (serverurl=http://atlasfrontier-ai.cern.ch:8000/atlr)(serverurl=http://aiatlas036.cern.ch:8000/atlr)(serverurl=http://aiatlas034.cern.ch:8000/atlr)(serverurl=http://ccfrontier.in2p3.fr:23128/ccin2p3-AtlasFrontier)(serverurl=http://ccsqfatlasli02.in2p3.fr:23128/ccin2p3-AtlasFrontier)(serverurl=http://ccsqfatlasli01.in2p3.fr:23128/ccin2p3-AtlasFrontier)(proxyurl=http://ca-proxy.cern.ch:3128)(proxyurl=http://ca18.cern.ch:3128)(proxyurl=http://ca17.cern.ch:3128)(proxyurl=http://atlast0fsquid.cern.ch:3128)(proxyurl=http://atlassquid1.cern.ch:3128)(proxyurl=http://atlassquid2.cern.ch:3128)(proxyurl=http://atlassquid4.cern.ch:3128) will be considered for COOL data
DBReplicaSvc         INFO Read replica configuration from /cvmfs/atlas.cern.ch/repo/sw/software/x86_64-slc6-gcc48-opt/20.1.8/AtlasCore/20.1.8/InstallArea/share/dbreplica.config
DBReplicaSvc         INFO Total of 10 servers found for host lxplus0037.cern.ch [ATLF ATLAS_COOLPROD atlas_dd ATLAS_CONFIG INT8R INTR ATONR_COOL ATONR_CONF DEVDB11 ATLF ]
DBReplicaSvc         INFO COOL SQLite replicas will be excluded if matching pattern /DBRelease/
PoolSvc              INFO Successfully setup replica sorting algorithm
PoolSvc              INFO Re-initializing PoolSvc
PoolSvc           WARNING Unable to locate catalog for prfile:poolcond/PoolCat_comcond.xml via PathResolver, check your DATAPATH variable
PoolSvc           WARNING Unable to locate catalog for prfile:poolcond/PoolCat_oflcond.xml via PathResolver, check your DATAPATH variable
PoolSvc              INFO Resolved path (via ATLAS_POOLCOND_PATH) is /cvmfs/atlas-condb.cern.ch/repo/conditions/poolcond/PoolFileCatalog.xml
PoolSvc              INFO POOL WriteCatalog is xmlcatalog_file:PoolFileCatalog.xml
XMLFileCatalog Info Connecting to the catalog
PoolXMLFileCatalog Info Xerces-c initialization Number 0
XMLFileCatalog Info Connecting to the catalog
PoolXMLFileCatalog Info Read-only filesystem
IOVDbSvc             INFO Opened read transaction for POOL PersistencySvc
IOVDbSvc             INFO Only 5 POOL conditions files will be open at once
IOVDbSvc             INFO Cache alignment will be done in 3 slices
IOVDbSvc             INFO Global tag: CONDBR2-BLKPA-2015-14 set from joboptions
IOVDbSvc             INFO Read from meta data only for folder /TagInfo
IOVDbSvc             INFO Initialised with 4 connections and 9 folders
IOVDbSvc             INFO Service IOVDbSvc initialised successfully
ProxyProviderSvc     INFO Initializing ProxyProviderSvc - package version SGComps-00-01-10
IOVDbSvc             INFO preLoadAddresses: Removing folder /TagInfo. It should only be in the file meta data and was not found.
IOVDbSvc             INFO Opening COOL connection for COOLONL_LAR/CONDBR2
CoralApplication Info Create a cool::CoralApplication...
CoralApplication Info Create a new own CORAL connection service
CoralApplication Info Create the COOL database service
RalDatabaseSvc Info Instantiate the RalDatabaseSvc
CoralApplication Info Create a cool::CoralApplication... DONE
RalSessionMgr Info Instantiate a R/O RalSessionMgr for 'COOLONL_LAR/CONDBR2'
RalSessionMgr Info Connect to the database server
RalSessionMgr Warning Use COOL_DISABLE_CORALCONNECTIONPOOLCLEANUP
CORAL/Services/ConnectionService Info ConnectionServiceConfiguration::setConnectionTimeOut 0
CORAL/Services/ConnectionService Info Re-ordering 3 replicas using installed algorithm
CORAL/Services/ConnectionService Info Sorting algorithm selected 4 replicas
CORAL/Services/ConnectionService Warning Failed to connect to service sqlite200/ALLP200.db (coral::Exception): 'CORAL/RelationalPlugins/sqlite ( CORAL : "Connection::connect" from "/afs/cern.ch/work/b/boveia/tlaflags-20.1.8.4/dump/sqlite200 is not writable" )' - do NOT retry
CORAL/Services/ConnectionService Info Connection to service "sqlite200/ALLP200.db" with connectionID=C#3 will be disconnected
CORAL/Services/ConnectionService Warning Failure while attempting to connect to "sqlite_file:sqlite200/ALLP200.db": CORAL/RelationalPlugins/sqlite ( CORAL : "Connection::connect" from "/afs/cern.ch/work/b/boveia/tlaflags-20.1.8.4/dump/sqlite200 is not writable" )
CORAL/RelationalPlugins/frontier Info The current compresion level is 5
CORAL/Services/ConnectionService Info New connection to service "ATLF/()" with connectionID=C#4 has been connected
CORAL/Services/ConnectionService Info New user session with sessionID=S#2(C#4.s#1) started on connectionID=C#4 to service "ATLF/()" for user "" in read-only mode
RalSessionMgr Info Start a read-only transaction active for the duration of the database connection
RelationalDatabase Info Instantiate a R/O RalDatabase for 'COOLONL_LAR/CONDBR2'
RelationalDatabase Info Release number backward compatibility - NO SCHEMA EVOLUTION REQUIRED: database with OLDER release number 2.9.1 will be opened using CURRENT client release number 2.9.5
IOVSvc               INFO No IOVSvcTool associated with store "StoreGateSvc"
StoreGateSvc         INFO Initializing StoreGateSvc - package version StoreGate-02-45-01-11
IOVSvcTool           INFO IOVRanges will be checked at every Event
IOVDbSvc             INFO Opening COOL connection for COOLONL_CALO/CONDBR2
RalSessionMgr Info Instantiate a R/O RalSessionMgr for 'COOLONL_CALO/CONDBR2'
RalSessionMgr Info Connect to the database server
CORAL/Services/ConnectionService Info Re-ordering 3 replicas using installed algorithm
CORAL/Services/ConnectionService Info Sorting algorithm selected 4 replicas
CORAL/Services/ConnectionService Warning Failed to connect to service sqlite200/ALLP200.db (coral::Exception): 'CORAL/RelationalPlugins/sqlite ( CORAL : "Connection::connect" from "/afs/cern.ch/work/b/boveia/tlaflags-20.1.8.4/dump/sqlite200 is not writable" )' - do NOT retry
CORAL/Services/ConnectionService Info Connection to service "sqlite200/ALLP200.db" with connectionID=C#5 will be disconnected
CORAL/Services/ConnectionService Warning Failure while attempting to connect to "sqlite_file:sqlite200/ALLP200.db": CORAL/RelationalPlugins/sqlite ( CORAL : "Connection::connect" from "/afs/cern.ch/work/b/boveia/tlaflags-20.1.8.4/dump/sqlite200 is not writable" )
CORAL/Services/ConnectionService Info New user session with sessionID=S#3(C#4.s#2) started on connectionID=C#4 to service "ATLF/()" for user "" in read-only mode
RalSessionMgr Info Start a read-only transaction active for the duration of the database connection
RelationalDatabase Info Instantiate a R/O RalDatabase for 'COOLONL_CALO/CONDBR2'
RelationalDatabase Info Release number backward compatibility - NO SCHEMA EVOLUTION REQUIRED: database with OLDER release number 2.9.1 will be opened using CURRENT client release number 2.9.5
IOVDbSvc             INFO Disconnecting from COOLONL_LAR/CONDBR2
RalSessionMgr Info Commit the read-only transaction active for the duration of the database connection
RalSessionMgr Info Disconnect from the database server
CORAL/Services/ConnectionService Info User session with sessionID=S#2(C#4.s#1) will be ended on connectionID=C#4
RelationalDatabase Info Delete the RalDatabase for 'COOLONL_LAR/CONDBR2'
RalSessionMgr Info Delete the RalSessionMgr for 'COOLONL_LAR/CONDBR2'
IOVDbSvc             INFO Opening COOL connection for COOLOFL_LAR/CONDBR2
RalSessionMgr Info Instantiate a R/O RalSessionMgr for 'COOLOFL_LAR/CONDBR2'
RalSessionMgr Info Connect to the database server
CORAL/Services/ConnectionService Info Re-ordering 3 replicas using installed algorithm
CORAL/Services/ConnectionService Info Sorting algorithm selected 4 replicas
CORAL/Services/ConnectionService Warning Failed to connect to service sqlite200/ALLP200.db (coral::Exception): 'CORAL/RelationalPlugins/sqlite ( CORAL : "Connection::connect" from "/afs/cern.ch/work/b/boveia/tlaflags-20.1.8.4/dump/sqlite200 is not writable" )' - do NOT retry
CORAL/Services/ConnectionService Info Connection to service "sqlite200/ALLP200.db" with connectionID=C#6 will be disconnected
CORAL/Services/ConnectionService Warning Failure while attempting to connect to "sqlite_file:sqlite200/ALLP200.db": CORAL/RelationalPlugins/sqlite ( CORAL : "Connection::connect" from "/afs/cern.ch/work/b/boveia/tlaflags-20.1.8.4/dump/sqlite200 is not writable" )
CORAL/Services/ConnectionService Info New user session with sessionID=S#4(C#4.s#3) started on connectionID=C#4 to service "ATLF/()" for user "" in read-only mode
RalSessionMgr Info Start a read-only transaction active for the duration of the database connection
RelationalDatabase Info Instantiate a R/O RalDatabase for 'COOLOFL_LAR/CONDBR2'
RelationalDatabase Info Release number backward compatibility - NO SCHEMA EVOLUTION REQUIRED: database with OLDER release number 2.9.1 will be opened using CURRENT client release number 2.9.5
IOVDbSvc             INFO Disconnecting from COOLONL_CALO/CONDBR2
RalSessionMgr Info Commit the read-only transaction active for the duration of the database connection
RalSessionMgr Info Disconnect from the database server
CORAL/Services/ConnectionService Info User session with sessionID=S#3(C#4.s#2) will be ended on connectionID=C#4
RelationalDatabase Info Delete the RalDatabase for 'COOLONL_CALO/CONDBR2'
RalSessionMgr Info Delete the RalSessionMgr for 'COOLONL_CALO/CONDBR2'
IOVDbSvc             INFO Disconnecting from COOLOFL_LAR/CONDBR2
RalSessionMgr Info Commit the read-only transaction active for the duration of the database connection
RalSessionMgr Info Disconnect from the database server
CORAL/Services/ConnectionService Info User session with sessionID=S#4(C#4.s#3) will be ended on connectionID=C#4
CORAL/Services/ConnectionService Info Connection to service "ATLF/()" with connectionID=C#4 will be disconnected
RelationalDatabase Info Delete the RalDatabase for 'COOLOFL_LAR/CONDBR2'
RalSessionMgr Info Delete the RalSessionMgr for 'COOLOFL_LAR/CONDBR2'
IOVDbSvc             INFO Added taginfo remove for /LAR/BadChannelsOfl/BadChannels
IOVDbSvc             INFO Added taginfo remove for /LAR/Identifier/CalibIdMap
IOVDbSvc             INFO Added taginfo remove for /LAR/Identifier/FebRodMap
IOVDbSvc             INFO Added taginfo remove for /LAR/Identifier/OnOffIdMap
IOVDbSvc             INFO Added taginfo remove for /CALO/Identifier/CaloTTOnAttrIdMapAtlas
IOVDbSvc             INFO Added taginfo remove for /CALO/Identifier/CaloTTOnOffIdMapAtlas
IOVDbSvc             INFO Added taginfo remove for /CALO/Identifier/CaloTTPpmRxIdMapAtlas
IOVDbSvc             INFO Added taginfo remove for /LAR/Identifier/LArTTCellMapAtlas
DetDescrCnvSvc       INFO  initializing 
DetDescrCnvSvc       INFO Found DetectorStore service
DetDescrCnvSvc       INFO  filling proxies for detector managers 
DetDescrCnvSvc       INFO  filling address for CaloTTMgr with CLID 117659265 and storage type 68 to detector store 
DetDescrCnvSvc       INFO  filling address for CaloMgr with CLID 4548337 and storage type 68 to detector store 
DetDescrCnvSvc       INFO  filling address for CaloSuperCellMgr with CLID 241807251 and storage type 68 to detector store 
DetDescrCnvSvc       INFO  filling address for CaloIdManager with CLID 125856940 and storage type 68 to detector store 
DetDescrCnvSvc       INFO  filling address for LArIdManager with CLID 79554919 and storage type 68 to detector store 
DetDescrCnvSvc       INFO  filling address for IdDict with CLID 2411 and storage type 68 to detector store 
DetDescrCnvSvc       INFO  filling address for AtlasID with CLID 164875623 and storage type 68 to detector store 
DetDescrCnvSvc       INFO  filling address for PixelID with CLID 2516 and storage type 68 to detector store 
DetDescrCnvSvc       INFO  filling address for SCT_ID with CLID 2517 and storage type 68 to detector store 
DetDescrCnvSvc       INFO  filling address for TRT_ID with CLID 2518 and storage type 68 to detector store 
DetDescrCnvSvc       INFO  filling address for SiliconID with CLID 129452393 and storage type 68 to detector store 
DetDescrCnvSvc       INFO  filling address for LArEM_ID with CLID 163583365 and storage type 68 to detector store 
DetDescrCnvSvc       INFO  filling address for LArEM_SuperCell_ID with CLID 99488227 and storage type 68 to detector store 
DetDescrCnvSvc       INFO  filling address for LArHEC_ID with CLID 3870484 and storage type 68 to detector store 
DetDescrCnvSvc       INFO  filling address for LArHEC_SuperCell_ID with CLID 254277678 and storage type 68 to detector store 
DetDescrCnvSvc       INFO  filling address for LArFCAL_ID with CLID 45738051 and storage type 68 to detector store 
DetDescrCnvSvc       INFO  filling address for LArFCAL_SuperCell_ID with CLID 12829437 and storage type 68 to detector store 
DetDescrCnvSvc       INFO  filling address for LArMiniFCAL_ID with CLID 79264204 and storage type 68 to detector store 
DetDescrCnvSvc       INFO  filling address for LArOnlineID with CLID 158698068 and storage type 68 to detector store 
DetDescrCnvSvc       INFO  filling address for TTOnlineID with CLID 38321944 and storage type 68 to detector store 
DetDescrCnvSvc       INFO  filling address for LArOnline_SuperCellID with CLID 115600394 and storage type 68 to detector store 
DetDescrCnvSvc       INFO  filling address for LArHVLineID with CLID 27863673 and storage type 68 to detector store 
DetDescrCnvSvc       INFO  filling address for LArElectrodeID with CLID 80757351 and storage type 68 to detector store 
DetDescrCnvSvc       INFO  filling address for TileID with CLID 2901 and storage type 68 to detector store 
DetDescrCnvSvc       INFO  filling address for Tile_SuperCell_ID with CLID 49557789 and storage type 68 to detector store 
DetDescrCnvSvc       INFO  filling address for TileHWID with CLID 2902 and storage type 68 to detector store 
DetDescrCnvSvc       INFO  filling address for TileTBID with CLID 2903 and storage type 68 to detector store 
DetDescrCnvSvc       INFO  filling address for MDTIDHELPER with CLID 4170 and storage type 68 to detector store 
DetDescrCnvSvc       INFO  filling address for CSCIDHELPER with CLID 4171 and storage type 68 to detector store 
DetDescrCnvSvc       INFO  filling address for RPCIDHELPER with CLID 4172 and storage type 68 to detector store 
DetDescrCnvSvc       INFO  filling address for TGCIDHELPER with CLID 4173 and storage type 68 to detector store 
DetDescrCnvSvc       INFO  filling address for STGCIDHELPER with CLID 4174 and storage type 68 to detector store 
DetDescrCnvSvc       INFO  filling address for MMIDHELPER with CLID 4175 and storage type 68 to detector store 
DetDescrCnvSvc       INFO  filling address for CaloLVL1_ID with CLID 108133391 and storage type 68 to detector store 
DetDescrCnvSvc       INFO  filling address for CaloCell_ID with CLID 123500438 and storage type 68 to detector store 
DetDescrCnvSvc       INFO  filling address for CaloCell_SuperCell_ID with CLID 128365736 and storage type 68 to detector store 
DetDescrCnvSvc       INFO  filling address for CaloDM_ID with CLID 167756483 and storage type 68 to detector store 
DetDescrCnvSvc       INFO  filling address for ZdcID with CLID 190591643 and storage type 68 to detector store 
GeoModelSvc          INFO Retrieved DetectorTools = PrivateToolHandleArray([])
CORAL/Services/ConnectionService Info Re-ordering 3 replicas using installed algorithm
CORAL/Services/ConnectionService Info Sorting algorithm selected 4 replicas
CORAL/Services/ConnectionService Warning Failed to connect to service geomDB/geomDB_sqlite (coral::Exception): 'CORAL/RelationalPlugins/sqlite ( CORAL : "Connection::connect" from "/afs/cern.ch/work/b/boveia/tlaflags-20.1.8.4/dump/geomDB is not writable" )' - do NOT retry
CORAL/Services/ConnectionService Info Connection to service "geomDB/geomDB_sqlite" with connectionID=C#7 will be disconnected
CORAL/Services/ConnectionService Warning Failure while attempting to connect to "sqlite_file:geomDB/geomDB_sqlite": CORAL/RelationalPlugins/sqlite ( CORAL : "Connection::connect" from "/afs/cern.ch/work/b/boveia/tlaflags-20.1.8.4/dump/geomDB is not writable" )
CORAL/RelationalPlugins/frontier Info The current compresion level is 5
CORAL/Services/ConnectionService Info New connection to service "ATLF/()" with connectionID=C#8 has been connected
CORAL/Services/ConnectionService Info New user session with sessionID=S#5(C#8.s#1) started on connectionID=C#8 to service "ATLF/()" for user "" in read-only mode
CORAL/Services/ConnectionService Info User session with sessionID=S#5(C#8.s#1) will be ended on connectionID=C#8
CORAL/Services/ConnectionService Info Connection to service "ATLF/()" with connectionID=C#8 will be disconnected
ClassIDSvc           INFO  getRegistryEntries: read 1575 CLIDRegistry entries for module ALL
AthenaEventLoopMgr   INFO Initializing AthenaEventLoopMgr - package version AthenaServices-01-59-06
AthMasterSeq         INFO Member list: AthSequencer/AthAlgSeq, AthSequencer/AthOutSeq, AthSequencer/AthRegSeq
AthAlgSeq            INFO Member list: LArBadChannel2Ascii
LArBadChannel2A...   INFO initialize()
EventPersistenc...   INFO Added successfully Conversion service:McCnvSvc
EventPersistenc...   INFO Added successfully Conversion service:DetDescrCnvSvc
LArOnlineIDDetD...   INFO in createObj: creating a LArOnlineID helper object in the detector store
IdDictDetDescrCnv    INFO in initialize
IdDictDetDescrCnv    INFO in createObj: creating a IdDictManager object in the detector store
IdDictDetDescrCnv    INFO IdDictName:  IdDictParser/ATLAS_IDS.xml
CORAL/Services/ConnectionService Info Re-ordering 3 replicas using installed algorithm
CORAL/Services/ConnectionService Info Sorting algorithm selected 4 replicas
CORAL/Services/ConnectionService Warning Failed to connect to service geomDB/geomDB_sqlite (coral::Exception): 'CORAL/RelationalPlugins/sqlite ( CORAL : "Connection::connect" from "/afs/cern.ch/work/b/boveia/tlaflags-20.1.8.4/dump/geomDB is not writable" )' - do NOT retry
CORAL/Services/ConnectionService Info Connection to service "geomDB/geomDB_sqlite" with connectionID=C#9 will be disconnected
CORAL/Services/ConnectionService Warning Failure while attempting to connect to "sqlite_file:geomDB/geomDB_sqlite": CORAL/RelationalPlugins/sqlite ( CORAL : "Connection::connect" from "/afs/cern.ch/work/b/boveia/tlaflags-20.1.8.4/dump/geomDB is not writable" )
CORAL/RelationalPlugins/frontier Info The current compresion level is 5
CORAL/Services/ConnectionService Info New connection to service "ATLF/()" with connectionID=C#10 has been connected
CORAL/Services/ConnectionService Info New user session with sessionID=S#6(C#10.s#1) started on connectionID=C#10 to service "ATLF/()" for user "" in read-only mode
CORAL/Services/ConnectionService Info User session with sessionID=S#6(C#10.s#1) will be ended on connectionID=C#10
CORAL/Services/ConnectionService Info Connection to service "ATLF/()" with connectionID=C#10 will be disconnected
IdDictDetDescrCnv    INFO Reading InnerDetector    IdDict file IdDictParser/IdDictInnerDetector.xml
IdDictDetDescrCnv    INFO Reading LArCalorimeter   IdDict file IdDictParser/IdDictLArCalorimeter_DC3-05-Comm-01.xml
IdDictDetDescrCnv    INFO Reading TileCalorimeter  IdDict file IdDictParser/IdDictTileCalorimeter.xml
IdDictDetDescrCnv    INFO Reading Calorimeter      IdDict file IdDictParser/IdDictCalorimeter_L1Onl.xml
IdDictDetDescrCnv    INFO Reading MuonSpectrometer IdDict file IdDictParser/IdDictMuonSpectrometer_R.01.xml
IdDictDetDescrCnv    INFO Reading ForwardDetectors IdDict file IdDictParser/IdDictForwardDetectors_2010.xml
IdDictDetDescrCnv    INFO Found id dicts:
IdDictDetDescrCnv    INFO Using dictionary tag: destaged_layout
IdDictDetDescrCnv    INFO Dictionary ATLAS                version default              DetDescr tag (using default) file 
IdDictDetDescrCnv    INFO Dictionary Calorimeter          version default              DetDescr tag CaloIdentifier-LVL1-02 file IdDictParser/IdDictCalorimeter_L1Onl.xml
IdDictDetDescrCnv    INFO Dictionary ForwardDetectors     version default              DetDescr tag ForDetIdentifier-01       file IdDictParser/IdDictForwardDetectors_2010.xml
IdDictDetDescrCnv    INFO Dictionary InnerDetector        version default              DetDescr tag InDetIdentifier-05        file IdDictParser/IdDictInnerDetector.xml
IdDictDetDescrCnv    INFO Dictionary LArCalorimeter       version fullAtlas            DetDescr tag LArIdentifier-DC3-05-Comm file IdDictParser/IdDictLArCalorimeter_DC3-05-Comm-01.xml
IdDictDetDescrCnv    INFO Dictionary LArElectrode         version fullAtlas            DetDescr tag (using default) file 
IdDictDetDescrCnv    INFO Dictionary LArHighVoltage       version fullAtlas            DetDescr tag (using default) file 
IdDictDetDescrCnv    INFO Dictionary MuonSpectrometer     version R.01                 DetDescr tag MuonIdentifier-02         file IdDictParser/IdDictMuonSpectrometer_R.01.xml
IdDictDetDescrCnv    INFO Dictionary TileCalorimeter      version fullAtlasAndTestBeam DetDescr tag TileIdentifier-00         file IdDictParser/IdDictTileCalorimeter.xml
LArOnlineID          INFO initialize_from_dictionary
AtlasDetectorID      INFO initialize_from_dictionary - OK
ClassIDSvc           INFO  getRegistryEntries: read 1503 CLIDRegistry entries for module ALL
IOVSvcTool           INFO Still in initialize phase, not tiggering callback for LArBadChanTool[0x79dff90]+111 bound to CondAttrListCollection[/LAR/BadChannelsOfl/BadChannels]
ClassIDSvc           INFO  getRegistryEntries: read 125 CLIDRegistry entries for module ALL
CaloIDHelper_ID...   INFO in createObj: creating a CaloCell_ID helper object in the detector store
CaloIDHelper_ID...   INFO in createObj: creating a LArEM_ID helper object in the detector store
AtlasDetectorID      INFO initialize_from_dictionary - OK
CaloIDHelper_ID...   INFO in createObj: creating a LArHEC_ID helper object in the detector store
AtlasDetectorID      INFO initialize_from_dictionary - OK
CaloIDHelper_ID...   INFO in createObj: creating a LArFCAL_ID helper object in the detector store
AtlasDetectorID      INFO initialize_from_dictionary - OK
LArFCAL_Base_ID      INFO Reading file /cvmfs/atlas.cern.ch/repo/sw/software/x86_64-slc6-gcc48-opt/20.1.8/AtlasConditions/20.1.8/InstallArea/share/FCal2DNeighbors-April2011.txt
LArFCAL_Base_ID      INFO Reading file /cvmfs/atlas.cern.ch/repo/sw/software/x86_64-slc6-gcc48-opt/20.1.8/AtlasConditions/20.1.8/InstallArea/share/FCal3DNeighborsNext-April2011.txt
LArFCAL_Base_ID      INFO Reading file /cvmfs/atlas.cern.ch/repo/sw/software/x86_64-slc6-gcc48-opt/20.1.8/AtlasConditions/20.1.8/InstallArea/share/FCal3DNeighborsPrev-April2011.txt
CaloIDHelper_ID...   INFO in createObj: creating a LArMiniFCAL_ID helper object in the detector store
AtlasDetectorID      INFO initialize_from_dictionary - OK
LArMiniFCAL_ID       INFO  initialize_from_dict - LArCalorimeter dictionary does NOT contain miniFCAL description. Unable to initialize LArMiniFCAL_ID.
CaloIDHelper_ID...   INFO in createObj: creating a TileID helper object in the detector store
AtlasDetectorID      INFO initialize_from_dictionary - OK
TileNeighbour        INFO Reading file  /cvmfs/atlas.cern.ch/repo/sw/software/x86_64-slc6-gcc48-opt/20.1.8/AtlasConditions/20.1.8/InstallArea/share/TileNeighbour_reduced.txt
AtlasDetectorID      INFO initialize_from_dictionary - OK
ToolSvc.LArCabl...   INFO Successfully installed callback on folder/LAR/Identifier/OnOffIdMap
ToolSvc.LArCabl...   INFO Successfully installed callback on folder/LAR/Identifier/CalibIdMap
ToolSvc.LArCabl...   INFO Successfully installed callback on folder/LAR/Identifier/FebRodMap
ToolSvc.LArCabl...   INFO Sucessfully initialized LArCablingService with 3 callbacks.
HistogramPersis...WARNING Histograms saving not required.
EventSelector        INFO  Enter McEventSelector Initialization 
AthenaEventLoopMgr   INFO Setup EventSelector service EventSelector
ActiveStoreSvc       INFO Initializing ActiveStoreSvc - package version StoreGate-02-45-01-11
ApplicationMgr       INFO Application Manager Initialized successfully
InputMetaDataStore   INFO Start InputMetaDataStore
MetaDataStore        INFO Start MetaDataStore
StoreGateSvc         INFO Start StoreGateSvc
DetectorStore        INFO Start DetectorStore
ApplicationMgr       INFO Application Manager Started successfully
AthenaEventLoopMgr   INFO   ===>>>  start of run 2147483647    <<<===
EventPersistenc...   INFO Added successfully Conversion service:AthenaPoolCnvSvc
EventPersistenc...   INFO Added successfully Conversion service:TagInfoMgr
ClassIDSvc           INFO  getRegistryEntries: read 98 CLIDRegistry entries for module ALL
IOVDbSvc             INFO Opening COOL connection for COOLOFL_LAR/CONDBR2
RalSessionMgr Info Instantiate a R/O RalSessionMgr for 'COOLOFL_LAR/CONDBR2'
RalSessionMgr Info Connect to the database server
CORAL/Services/ConnectionService Info Re-ordering 3 replicas using installed algorithm
CORAL/Services/ConnectionService Info Sorting algorithm selected 4 replicas
CORAL/Services/ConnectionService Warning Failed to connect to service sqlite200/ALLP200.db (coral::Exception): 'CORAL/RelationalPlugins/sqlite ( CORAL : "Connection::connect" from "/afs/cern.ch/work/b/boveia/tlaflags-20.1.8.4/dump/sqlite200 is not writable" )' - do NOT retry
CORAL/Services/ConnectionService Info Connection to service "sqlite200/ALLP200.db" with connectionID=C#11 will be disconnected
CORAL/Services/ConnectionService Warning Failure while attempting to connect to "sqlite_file:sqlite200/ALLP200.db": CORAL/RelationalPlugins/sqlite ( CORAL : "Connection::connect" from "/afs/cern.ch/work/b/boveia/tlaflags-20.1.8.4/dump/sqlite200 is not writable" )
CORAL/RelationalPlugins/frontier Info The current compresion level is 5
CORAL/Services/ConnectionService Info New connection to service "ATLF/()" with connectionID=C#12 has been connected
CORAL/Services/ConnectionService Info New user session with sessionID=S#7(C#12.s#1) started on connectionID=C#12 to service "ATLF/()" for user "" in read-only mode
RalSessionMgr Info Start a read-only transaction active for the duration of the database connection
RelationalDatabase Info Instantiate a R/O RalDatabase for 'COOLOFL_LAR/CONDBR2'
RelationalDatabase Info Release number backward compatibility - NO SCHEMA EVOLUTION REQUIRED: database with OLDER release number 2.9.1 will be opened using CURRENT client release number 2.9.5
IOVDbSvc             INFO HVS tag CONDBR2-BLKPA-2015-14 resolved to LARBadChannelsOflBadChannels-RUN2-UPD4-13 for folder /LAR/BadChannelsOfl/BadChannels
IOVDbSvc             INFO Disconnecting from COOLOFL_LAR/CONDBR2
RalSessionMgr Info Commit the read-only transaction active for the duration of the database connection
RalSessionMgr Info Disconnect from the database server
CORAL/Services/ConnectionService Info User session with sessionID=S#7(C#12.s#1) will be ended on connectionID=C#12
CORAL/Services/ConnectionService Info Connection to service "ATLF/()" with connectionID=C#12 will be disconnected
RelationalDatabase Info Delete the RalDatabase for 'COOLOFL_LAR/CONDBR2'
RalSessionMgr Info Delete the RalSessionMgr for 'COOLOFL_LAR/CONDBR2'
IOVDbSvc             INFO Opening COOL connection for COOLONL_LAR/CONDBR2
RalSessionMgr Info Instantiate a R/O RalSessionMgr for 'COOLONL_LAR/CONDBR2'
RalSessionMgr Info Connect to the database server
CORAL/Services/ConnectionService Info Re-ordering 3 replicas using installed algorithm
CORAL/Services/ConnectionService Info Sorting algorithm selected 4 replicas
CORAL/Services/ConnectionService Warning Failed to connect to service sqlite200/ALLP200.db (coral::Exception): 'CORAL/RelationalPlugins/sqlite ( CORAL : "Connection::connect" from "/afs/cern.ch/work/b/boveia/tlaflags-20.1.8.4/dump/sqlite200 is not writable" )' - do NOT retry
CORAL/Services/ConnectionService Info Connection to service "sqlite200/ALLP200.db" with connectionID=C#13 will be disconnected
CORAL/Services/ConnectionService Warning Failure while attempting to connect to "sqlite_file:sqlite200/ALLP200.db": CORAL/RelationalPlugins/sqlite ( CORAL : "Connection::connect" from "/afs/cern.ch/work/b/boveia/tlaflags-20.1.8.4/dump/sqlite200 is not writable" )
CORAL/RelationalPlugins/frontier Info The current compresion level is 5
CORAL/Services/ConnectionService Info New connection to service "ATLF/()" with connectionID=C#14 has been connected
CORAL/Services/ConnectionService Info New user session with sessionID=S#8(C#14.s#1) started on connectionID=C#14 to service "ATLF/()" for user "" in read-only mode
RalSessionMgr Info Start a read-only transaction active for the duration of the database connection
RelationalDatabase Info Instantiate a R/O RalDatabase for 'COOLONL_LAR/CONDBR2'
RelationalDatabase Info Release number backward compatibility - NO SCHEMA EVOLUTION REQUIRED: database with OLDER release number 2.9.1 will be opened using CURRENT client release number 2.9.5
IOVDbSvc             INFO HVS tag CONDBR2-BLKPA-2015-14 resolved to LARIdentifierCalibIdMap-RUN2-000 for folder /LAR/Identifier/CalibIdMap
IOVDbSvc             INFO HVS tag CONDBR2-BLKPA-2015-14 resolved to LARIdentifierFebRodMap-RUN2-000 for folder /LAR/Identifier/FebRodMap
IOVDbSvc             INFO HVS tag CONDBR2-BLKPA-2015-14 resolved to LARIdentifierOnOffIdMap-RUN2-000 for folder /LAR/Identifier/OnOffIdMap
IOVDbSvc             INFO HVS tag CONDBR2-BLKPA-2015-14 resolved to LARIdentifierLArTTCellMapAtlas-RUN2-HadFcalFix2 for folder /LAR/Identifier/LArTTCellMapAtlas
IOVDbSvc             INFO Disconnecting from COOLONL_LAR/CONDBR2
RalSessionMgr Info Commit the read-only transaction active for the duration of the database connection
RalSessionMgr Info Disconnect from the database server
CORAL/Services/ConnectionService Info User session with sessionID=S#8(C#14.s#1) will be ended on connectionID=C#14
CORAL/Services/ConnectionService Info Connection to service "ATLF/()" with connectionID=C#14 will be disconnected
RelationalDatabase Info Delete the RalDatabase for 'COOLONL_LAR/CONDBR2'
RalSessionMgr Info Delete the RalSessionMgr for 'COOLONL_LAR/CONDBR2'
ToolSvc.LArBadC...   INFO DB callback called with 1 keys 
ToolSvc.LArBadC...   INFO DB callback called with key /LAR/BadChannelsOfl/BadChannels
ToolSvc.LArBadC...   INFO Callback updateFromDB finished reading from DB
ToolSvc.LArBadC...   INFO Have 1486 entries in total.
ToolSvc.LArCabl...   INFO  ====> iovCallBack 
AthenaEventLoopMgr   INFO   ===>>>  start processing event #1, run #2147483647 0 events processed so far  <<<===
AthenaEventLoopMgr   INFO   ===>>>  done processing event #1, run #2147483647 1 events processed so far  <<<===
LArBadChannel2A...   INFO Writing to file bc_output.txt
ToolSvc.LArBadC...WARNING the LArBadChanTool is used without missing FEB information from DB
ToolSvc.LArBadC...WARNING and it contains no missing FEB information from ASCII file.
ToolSvc.LArBadC...WARNING All FEBs will be considered good, but this may not be what you wanted
LArBadChannel2A...   INFO Found 1486 entries in the bad-channel database. (Number of cells: 195072
LArBadChannel2A...   INFO Without missing FEBs
DetectorStore        INFO Stop DetectorStore
StoreGateSvc         INFO Stop StoreGateSvc
StoreGateSvc         INFO stop: setting service priority to 101 so that event stores get finalized and cleared before other stores
MetaDataStore        INFO Stop MetaDataStore
InputMetaDataStore   INFO Stop InputMetaDataStore
ApplicationMgr       INFO Application Manager Stopped successfully
AthAlgSeq            INFO Finalizing AthAlgSeq...
AthOutSeq            INFO Finalizing AthOutSeq...
AthRegSeq            INFO Finalizing AthRegSeq...
AthMasterSeq         INFO Finalizing AthMasterSeq...
StoreGateSvc         INFO Finalizing StoreGateSvc - package version StoreGate-02-45-01-11
EventSelector        INFO finalize
IdDictDetDescrCnv    INFO in finalize
DetectorStore        INFO Finalizing DetectorStore - package version StoreGate-02-45-01-11
IOVDbSvc             INFO Folder /LAR/BadChannelsOfl/BadChannels (AttrListColl) db-read 1/1 objs/chan/bytes 8/8/12016 ((     1.13 ))s
IOVDbSvc             INFO Folder /LAR/Identifier/CalibIdMap (AttrList) db-read 1/1 objs/chan/bytes 1/1/1520148 ((     0.88 ))s
IOVDbSvc             INFO Folder /LAR/Identifier/FebRodMap (AttrList) db-read 1/1 objs/chan/bytes 1/1/6100 ((     0.45 ))s
IOVDbSvc             INFO Folder /LAR/Identifier/OnOffIdMap (AttrList) db-read 1/1 objs/chan/bytes 1/1/780292 ((     0.70 ))s
IOVDbSvc             INFO Folder /CALO/Identifier/CaloTTOnAttrIdMapAtlas (PoolRef) db-read 0/0 objs/chan/bytes 0/1/0 ((     0.00 ))s
IOVDbSvc             INFO Folder /CALO/Identifier/CaloTTOnOffIdMapAtlas (PoolRef) db-read 0/0 objs/chan/bytes 0/1/0 ((     0.00 ))s
IOVDbSvc             INFO Folder /CALO/Identifier/CaloTTPpmRxIdMapAtlas (PoolRef) db-read 0/0 objs/chan/bytes 0/1/0 ((     0.00 ))s
IOVDbSvc             INFO Folder /LAR/Identifier/LArTTCellMapAtlas (PoolRef) db-read 1/0 objs/chan/bytes 1/1/173 ((     0.43 ))s
IOVDbSvc          WARNING Folder /LAR/Identifier/LArTTCellMapAtlas is requested but no data retrieved
IOVDbSvc             INFO Total payload read from COOL: 2318729 bytes in ((      3.59 ))s
IOVDbSvc             INFO Connection sqlite://;schema=mycool.db;dbname=CONDBR2 : nConnect: 0 nFolders: 0 ReadTime: ((     0.00 ))s
IOVDbSvc             INFO Connection COOLONL_LAR/CONDBR2 : nConnect: 2 nFolders: 4 ReadTime: ((     2.46 ))s
IOVDbSvc             INFO Connection COOLONL_CALO/CONDBR2 : nConnect: 1 nFolders: 3 ReadTime: ((     0.00 ))s
IOVDbSvc             INFO Connection COOLOFL_LAR/CONDBR2 : nConnect: 2 nFolders: 1 ReadTime: ((     1.13 ))s
PoolSvc              INFO I/O finalization...
PoolXMLFileCatalog Info XercesC termination number 0
MetaDataStore        INFO Finalizing MetaDataStore - package version StoreGate-02-45-01-11
InputMetaDataStore   INFO Finalizing InputMetaDataStore - package version StoreGate-02-45-01-11
AthDictLoaderSvc     INFO in finalize...
ToolSvc              INFO Removing all tools created by ToolSvc
*****Chrono*****     INFO ****************************************************************************************************
*****Chrono*****     INFO  The Final CPU consumption ( Chrono ) Table (ordered)
*****Chrono*****     INFO ****************************************************************************************************
AthenaSealSvc::...   INFO Time User   : Tot=   74 [ms]                                             #=  1
ChronoStatSvc        INFO Time User   : Tot= 2.46  [s]                                             #=  1
*****Chrono*****     INFO ****************************************************************************************************
ChronoStatSvc.f...   INFO  Service finalized successfully 
ApplicationMgr       INFO Application Manager Finalized successfully
ApplicationMgr       INFO Application Manager Terminated successfully
Py:Athena            INFO leaving with code 0: "successful run"
CoralApplication Info Delete the COOL CoralApplication...
CoralApplication Info Delete the COOL database service
RalDatabaseSvc Info Delete the RalDatabaseSvc...
RalDatabaseSvc Info Purge the connection pool
RalDatabaseSvc Info Reset the ICS pointer
RalDatabaseSvc Info Delete the RalDatabaseSvc... DONE
CoralApplication Info Delete the CORAL connection service
CoralApplication Info Delete the COOL CoralApplication... DONE
CORAL/Services/ConnectionService Info Deleting the ConnectionPool
